[0.216s] [34mcolcon[0m [1;30mDEBUG[0m [32mCommand line arguments: ['/usr/bin/colcon', 'build', '--symlink-install', '--event-handlers', 'console_direct+'][0m
[0.217s] [34mcolcon[0m [1;30mDEBUG[0m [32mParsed command line arguments: Namespace(log_base=None, log_level=None, verb_name='build', build_base='build', install_base='install', merge_install=False, symlink_install=True, test_result_base=None, continue_on_error=False, executor='parallel', parallel_workers=32, event_handlers=['console_direct+'], ignore_user_meta=False, metas=['./colcon.meta'], base_paths=['.'], packages_ignore=None, packages_ignore_regex=None, paths=None, packages_up_to=None, packages_up_to_regex=None, packages_above=None, packages_above_and_dependencies=None, packages_above_depth=None, packages_select_by_dep=None, packages_skip_by_dep=None, packages_skip_up_to=None, packages_select_build_failed=False, packages_skip_build_finished=False, packages_select_test_failures=False, packages_skip_test_passed=False, packages_select=None, packages_skip=None, packages_select_regex=None, packages_skip_regex=None, packages_start=None, packages_end=None, allow_overriding=[], cmake_args=None, cmake_target=None, cmake_target_skip_unavailable=False, cmake_clean_cache=False, cmake_clean_first=False, cmake_force_configure=False, ament_cmake_args=None, catkin_cmake_args=None, catkin_skip_building_tests=False, mixin_files=None, mixin=None, verb_parser=<colcon_mixin.mixin.mixin_argument.MixinArgumentDecorator object at 0x7f2668fa3040>, verb_extension=<colcon_core.verb.build.BuildVerb object at 0x7f2668fa2b60>, main=<bound method BuildVerb.main of <colcon_core.verb.build.BuildVerb object at 0x7f2668fa2b60>>, mixin_verb=('build',))[0m
[0.269s] [34mcolcon.colcon_core.package_discovery[0m [1;30mLevel 1[0m discover_packages(colcon_meta) check parameters
[0.269s] [34mcolcon.colcon_core.package_discovery[0m [1;30mLevel 1[0m discover_packages(recursive) check parameters
[0.269s] [34mcolcon.colcon_core.package_discovery[0m [1;30mLevel 1[0m discover_packages(ignore) check parameters
[0.269s] [34mcolcon.colcon_core.package_discovery[0m [1;30mLevel 1[0m discover_packages(path) check parameters
[0.269s] [34mcolcon.colcon_core.package_discovery[0m [1;30mLevel 1[0m discover_packages(colcon_meta) discover
[0.269s] [34mcolcon.colcon_core.package_discovery[0m [1;30mLevel 1[0m discover_packages(recursive) discover
[0.269s] [34mcolcon.colcon_core.package_discovery[0m [1;30mINFO[0m Crawling recursively for packages in '/home/jingkun/Documents/Final_Project/src/Autonomous_Tangram_Solver'
[0.269s] [34mcolcon.colcon_core.package_identification[0m [1;30mLevel 1[0m _identify(.) by extensions ['ignore', 'ignore_ament_install']
[0.270s] [34mcolcon.colcon_core.package_identification[0m [1;30mLevel 1[0m _identify(.) by extension 'ignore'
[0.270s] [34mcolcon.colcon_core.package_identification[0m [1;30mLevel 1[0m _identify(.) by extension 'ignore_ament_install'
[0.270s] [34mcolcon.colcon_core.package_identification[0m [1;30mLevel 1[0m _identify(.) by extensions ['colcon_pkg']
[0.270s] [34mcolcon.colcon_core.package_identification[0m [1;30mLevel 1[0m _identify(.) by extension 'colcon_pkg'
[0.270s] [34mcolcon.colcon_core.package_identification[0m [1;30mLevel 1[0m _identify(.) by extensions ['colcon_meta']
[0.270s] [34mcolcon.colcon_core.package_identification[0m [1;30mLevel 1[0m _identify(.) by extension 'colcon_meta'
[0.270s] [34mcolcon.colcon_core.package_identification[0m [1;30mLevel 1[0m _identify(.) by extensions ['ros']
[0.270s] [34mcolcon.colcon_core.package_identification[0m [1;30mLevel 1[0m _identify(.) by extension 'ros'
[0.303s] [34mcolcon.colcon_core.package_identification[0m [1;30mLevel 1[0m _identify(.) by extensions ['cmake', 'python']
[0.303s] [34mcolcon.colcon_core.package_identification[0m [1;30mLevel 1[0m _identify(.) by extension 'cmake'
[0.303s] [34mcolcon.colcon_core.package_identification[0m [1;30mLevel 1[0m _identify(.) by extension 'python'
[0.303s] [34mcolcon.colcon_core.package_identification[0m [1;30mLevel 1[0m _identify(.) by extensions ['python_setup_py']
[0.303s] [34mcolcon.colcon_core.package_identification[0m [1;30mLevel 1[0m _identify(.) by extension 'python_setup_py'
[0.304s] [34mcolcon.colcon_core.package_identification[0m [1;30mLevel 1[0m _identify(build) by extensions ['ignore', 'ignore_ament_install']
[0.304s] [34mcolcon.colcon_core.package_identification[0m [1;30mLevel 1[0m _identify(build) by extension 'ignore'
[0.304s] [34mcolcon.colcon_core.package_identification[0m [1;30mLevel 1[0m _identify(build) ignored
[0.304s] [34mcolcon.colcon_core.package_identification[0m [1;30mLevel 1[0m _identify(install) by extensions ['ignore', 'ignore_ament_install']
[0.304s] [34mcolcon.colcon_core.package_identification[0m [1;30mLevel 1[0m _identify(install) by extension 'ignore'
[0.304s] [34mcolcon.colcon_core.package_identification[0m [1;30mLevel 1[0m _identify(install) ignored
[0.304s] [34mcolcon.colcon_core.package_identification[0m [1;30mLevel 1[0m _identify(log) by extensions ['ignore', 'ignore_ament_install']
[0.304s] [34mcolcon.colcon_core.package_identification[0m [1;30mLevel 1[0m _identify(log) by extension 'ignore'
[0.304s] [34mcolcon.colcon_core.package_identification[0m [1;30mLevel 1[0m _identify(log) ignored
[0.304s] [34mcolcon.colcon_core.package_identification[0m [1;30mLevel 1[0m _identify(model) by extensions ['ignore', 'ignore_ament_install']
[0.304s] [34mcolcon.colcon_core.package_identification[0m [1;30mLevel 1[0m _identify(model) by extension 'ignore'
[0.304s] [34mcolcon.colcon_core.package_identification[0m [1;30mLevel 1[0m _identify(model) by extension 'ignore_ament_install'
[0.304s] [34mcolcon.colcon_core.package_identification[0m [1;30mLevel 1[0m _identify(model) by extensions ['colcon_pkg']
[0.304s] [34mcolcon.colcon_core.package_identification[0m [1;30mLevel 1[0m _identify(model) by extension 'colcon_pkg'
[0.305s] [34mcolcon.colcon_core.package_identification[0m [1;30mLevel 1[0m _identify(model) by extensions ['colcon_meta']
[0.305s] [34mcolcon.colcon_core.package_identification[0m [1;30mLevel 1[0m _identify(model) by extension 'colcon_meta'
[0.305s] [34mcolcon.colcon_core.package_identification[0m [1;30mLevel 1[0m _identify(model) by extensions ['ros']
[0.305s] [34mcolcon.colcon_core.package_identification[0m [1;30mLevel 1[0m _identify(model) by extension 'ros'
[0.305s] [34mcolcon.colcon_core.package_identification[0m [1;30mLevel 1[0m _identify(model) by extensions ['cmake', 'python']
[0.305s] [34mcolcon.colcon_core.package_identification[0m [1;30mLevel 1[0m _identify(model) by extension 'cmake'
[0.305s] [34mcolcon.colcon_core.package_identification[0m [1;30mLevel 1[0m _identify(model) by extension 'python'
[0.305s] [34mcolcon.colcon_core.package_identification[0m [1;30mLevel 1[0m _identify(model) by extensions ['python_setup_py']
[0.305s] [34mcolcon.colcon_core.package_identification[0m [1;30mLevel 1[0m _identify(model) by extension 'python_setup_py'
[0.305s] [34mcolcon.colcon_core.package_identification[0m [1;30mLevel 1[0m _identify(model/__pycache__) by extensions ['ignore', 'ignore_ament_install']
[0.305s] [34mcolcon.colcon_core.package_identification[0m [1;30mLevel 1[0m _identify(model/__pycache__) by extension 'ignore'
[0.305s] [34mcolcon.colcon_core.package_identification[0m [1;30mLevel 1[0m _identify(model/__pycache__) by extension 'ignore_ament_install'
[0.305s] [34mcolcon.colcon_core.package_identification[0m [1;30mLevel 1[0m _identify(model/__pycache__) by extensions ['colcon_pkg']
[0.305s] [34mcolcon.colcon_core.package_identification[0m [1;30mLevel 1[0m _identify(model/__pycache__) by extension 'colcon_pkg'
[0.305s] [34mcolcon.colcon_core.package_identification[0m [1;30mLevel 1[0m _identify(model/__pycache__) by extensions ['colcon_meta']
[0.305s] [34mcolcon.colcon_core.package_identification[0m [1;30mLevel 1[0m _identify(model/__pycache__) by extension 'colcon_meta'
[0.305s] [34mcolcon.colcon_core.package_identification[0m [1;30mLevel 1[0m _identify(model/__pycache__) by extensions ['ros']
[0.305s] [34mcolcon.colcon_core.package_identification[0m [1;30mLevel 1[0m _identify(model/__pycache__) by extension 'ros'
[0.305s] [34mcolcon.colcon_core.package_identification[0m [1;30mLevel 1[0m _identify(model/__pycache__) by extensions ['cmake', 'python']
[0.306s] [34mcolcon.colcon_core.package_identification[0m [1;30mLevel 1[0m _identify(model/__pycache__) by extension 'cmake'
[0.306s] [34mcolcon.colcon_core.package_identification[0m [1;30mLevel 1[0m _identify(model/__pycache__) by extension 'python'
[0.306s] [34mcolcon.colcon_core.package_identification[0m [1;30mLevel 1[0m _identify(model/__pycache__) by extensions ['python_setup_py']
[0.306s] [34mcolcon.colcon_core.package_identification[0m [1;30mLevel 1[0m _identify(model/__pycache__) by extension 'python_setup_py'
[0.306s] [34mcolcon.colcon_core.package_identification[0m [1;30mLevel 1[0m _identify(model/dataset) by extensions ['ignore', 'ignore_ament_install']
[0.306s] [34mcolcon.colcon_core.package_identification[0m [1;30mLevel 1[0m _identify(model/dataset) by extension 'ignore'
[0.306s] [34mcolcon.colcon_core.package_identification[0m [1;30mLevel 1[0m _identify(model/dataset) by extension 'ignore_ament_install'
[0.306s] [34mcolcon.colcon_core.package_identification[0m [1;30mLevel 1[0m _identify(model/dataset) by extensions ['colcon_pkg']
[0.306s] [34mcolcon.colcon_core.package_identification[0m [1;30mLevel 1[0m _identify(model/dataset) by extension 'colcon_pkg'
[0.306s] [34mcolcon.colcon_core.package_identification[0m [1;30mLevel 1[0m _identify(model/dataset) by extensions ['colcon_meta']
[0.306s] [34mcolcon.colcon_core.package_identification[0m [1;30mLevel 1[0m _identify(model/dataset) by extension 'colcon_meta'
[0.306s] [34mcolcon.colcon_core.package_identification[0m [1;30mLevel 1[0m _identify(model/dataset) by extensions ['ros']
[0.306s] [34mcolcon.colcon_core.package_identification[0m [1;30mLevel 1[0m _identify(model/dataset) by extension 'ros'
[0.306s] [34mcolcon.colcon_core.package_identification[0m [1;30mLevel 1[0m _identify(model/dataset) by extensions ['cmake', 'python']
[0.306s] [34mcolcon.colcon_core.package_identification[0m [1;30mLevel 1[0m _identify(model/dataset) by extension 'cmake'
[0.306s] [34mcolcon.colcon_core.package_identification[0m [1;30mLevel 1[0m _identify(model/dataset) by extension 'python'
[0.307s] [34mcolcon.colcon_core.package_identification[0m [1;30mLevel 1[0m _identify(model/dataset) by extensions ['python_setup_py']
[0.307s] [34mcolcon.colcon_core.package_identification[0m [1;30mLevel 1[0m _identify(model/dataset) by extension 'python_setup_py'
[0.308s] [34mcolcon.colcon_core.package_identification[0m [1;30mLevel 1[0m _identify(model/dataset/input_cae) by extensions ['ignore', 'ignore_ament_install']
[0.308s] [34mcolcon.colcon_core.package_identification[0m [1;30mLevel 1[0m _identify(model/dataset/input_cae) by extension 'ignore'
[0.308s] [34mcolcon.colcon_core.package_identification[0m [1;30mLevel 1[0m _identify(model/dataset/input_cae) by extension 'ignore_ament_install'
[0.308s] [34mcolcon.colcon_core.package_identification[0m [1;30mLevel 1[0m _identify(model/dataset/input_cae) by extensions ['colcon_pkg']
[0.308s] [34mcolcon.colcon_core.package_identification[0m [1;30mLevel 1[0m _identify(model/dataset/input_cae) by extension 'colcon_pkg'
[0.308s] [34mcolcon.colcon_core.package_identification[0m [1;30mLevel 1[0m _identify(model/dataset/input_cae) by extensions ['colcon_meta']
[0.308s] [34mcolcon.colcon_core.package_identification[0m [1;30mLevel 1[0m _identify(model/dataset/input_cae) by extension 'colcon_meta'
[0.308s] [34mcolcon.colcon_core.package_identification[0m [1;30mLevel 1[0m _identify(model/dataset/input_cae) by extensions ['ros']
[0.308s] [34mcolcon.colcon_core.package_identification[0m [1;30mLevel 1[0m _identify(model/dataset/input_cae) by extension 'ros'
[0.309s] [34mcolcon.colcon_core.package_identification[0m [1;30mLevel 1[0m _identify(model/dataset/input_cae) by extensions ['cmake', 'python']
[0.309s] [34mcolcon.colcon_core.package_identification[0m [1;30mLevel 1[0m _identify(model/dataset/input_cae) by extension 'cmake'
[0.309s] [34mcolcon.colcon_core.package_identification[0m [1;30mLevel 1[0m _identify(model/dataset/input_cae) by extension 'python'
[0.309s] [34mcolcon.colcon_core.package_identification[0m [1;30mLevel 1[0m _identify(model/dataset/input_cae) by extensions ['python_setup_py']
[0.309s] [34mcolcon.colcon_core.package_identification[0m [1;30mLevel 1[0m _identify(model/dataset/input_cae) by extension 'python_setup_py'
[0.309s] [34mcolcon.colcon_core.package_identification[0m [1;30mLevel 1[0m _identify(model/dataset/input_test) by extensions ['ignore', 'ignore_ament_install']
[0.309s] [34mcolcon.colcon_core.package_identification[0m [1;30mLevel 1[0m _identify(model/dataset/input_test) by extension 'ignore'
[0.309s] [34mcolcon.colcon_core.package_identification[0m [1;30mLevel 1[0m _identify(model/dataset/input_test) by extension 'ignore_ament_install'
[0.309s] [34mcolcon.colcon_core.package_identification[0m [1;30mLevel 1[0m _identify(model/dataset/input_test) by extensions ['colcon_pkg']
[0.309s] [34mcolcon.colcon_core.package_identification[0m [1;30mLevel 1[0m _identify(model/dataset/input_test) by extension 'colcon_pkg'
[0.309s] [34mcolcon.colcon_core.package_identification[0m [1;30mLevel 1[0m _identify(model/dataset/input_test) by extensions ['colcon_meta']
[0.309s] [34mcolcon.colcon_core.package_identification[0m [1;30mLevel 1[0m _identify(model/dataset/input_test) by extension 'colcon_meta'
[0.309s] [34mcolcon.colcon_core.package_identification[0m [1;30mLevel 1[0m _identify(model/dataset/input_test) by extensions ['ros']
[0.309s] [34mcolcon.colcon_core.package_identification[0m [1;30mLevel 1[0m _identify(model/dataset/input_test) by extension 'ros'
[0.310s] [34mcolcon.colcon_core.package_identification[0m [1;30mLevel 1[0m _identify(model/dataset/input_test) by extensions ['cmake', 'python']
[0.310s] [34mcolcon.colcon_core.package_identification[0m [1;30mLevel 1[0m _identify(model/dataset/input_test) by extension 'cmake'
[0.310s] [34mcolcon.colcon_core.package_identification[0m [1;30mLevel 1[0m _identify(model/dataset/input_test) by extension 'python'
[0.310s] [34mcolcon.colcon_core.package_identification[0m [1;30mLevel 1[0m _identify(model/dataset/input_test) by extensions ['python_setup_py']
[0.310s] [34mcolcon.colcon_core.package_identification[0m [1;30mLevel 1[0m _identify(model/dataset/input_test) by extension 'python_setup_py'
[0.310s] [34mcolcon.colcon_core.package_identification[0m [1;30mLevel 1[0m _identify(model/dataset/output_cae) by extensions ['ignore', 'ignore_ament_install']
[0.310s] [34mcolcon.colcon_core.package_identification[0m [1;30mLevel 1[0m _identify(model/dataset/output_cae) by extension 'ignore'
[0.311s] [34mcolcon.colcon_core.package_identification[0m [1;30mLevel 1[0m _identify(model/dataset/output_cae) by extension 'ignore_ament_install'
[0.311s] [34mcolcon.colcon_core.package_identification[0m [1;30mLevel 1[0m _identify(model/dataset/output_cae) by extensions ['colcon_pkg']
[0.311s] [34mcolcon.colcon_core.package_identification[0m [1;30mLevel 1[0m _identify(model/dataset/output_cae) by extension 'colcon_pkg'
[0.311s] [34mcolcon.colcon_core.package_identification[0m [1;30mLevel 1[0m _identify(model/dataset/output_cae) by extensions ['colcon_meta']
[0.311s] [34mcolcon.colcon_core.package_identification[0m [1;30mLevel 1[0m _identify(model/dataset/output_cae) by extension 'colcon_meta'
[0.311s] [34mcolcon.colcon_core.package_identification[0m [1;30mLevel 1[0m _identify(model/dataset/output_cae) by extensions ['ros']
[0.311s] [34mcolcon.colcon_core.package_identification[0m [1;30mLevel 1[0m _identify(model/dataset/output_cae) by extension 'ros'
[0.311s] [34mcolcon.colcon_core.package_identification[0m [1;30mLevel 1[0m _identify(model/dataset/output_cae) by extensions ['cmake', 'python']
[0.311s] [34mcolcon.colcon_core.package_identification[0m [1;30mLevel 1[0m _identify(model/dataset/output_cae) by extension 'cmake'
[0.311s] [34mcolcon.colcon_core.package_identification[0m [1;30mLevel 1[0m _identify(model/dataset/output_cae) by extension 'python'
[0.311s] [34mcolcon.colcon_core.package_identification[0m [1;30mLevel 1[0m _identify(model/dataset/output_cae) by extensions ['python_setup_py']
[0.311s] [34mcolcon.colcon_core.package_identification[0m [1;30mLevel 1[0m _identify(model/dataset/output_cae) by extension 'python_setup_py'
[0.311s] [34mcolcon.colcon_core.package_identification[0m [1;30mLevel 1[0m _identify(model/dataset/output_test) by extensions ['ignore', 'ignore_ament_install']
[0.311s] [34mcolcon.colcon_core.package_identification[0m [1;30mLevel 1[0m _identify(model/dataset/output_test) by extension 'ignore'
[0.311s] [34mcolcon.colcon_core.package_identification[0m [1;30mLevel 1[0m _identify(model/dataset/output_test) by extension 'ignore_ament_install'
[0.311s] [34mcolcon.colcon_core.package_identification[0m [1;30mLevel 1[0m _identify(model/dataset/output_test) by extensions ['colcon_pkg']
[0.311s] [34mcolcon.colcon_core.package_identification[0m [1;30mLevel 1[0m _identify(model/dataset/output_test) by extension 'colcon_pkg'
[0.311s] [34mcolcon.colcon_core.package_identification[0m [1;30mLevel 1[0m _identify(model/dataset/output_test) by extensions ['colcon_meta']
[0.311s] [34mcolcon.colcon_core.package_identification[0m [1;30mLevel 1[0m _identify(model/dataset/output_test) by extension 'colcon_meta'
[0.311s] [34mcolcon.colcon_core.package_identification[0m [1;30mLevel 1[0m _identify(model/dataset/output_test) by extensions ['ros']
[0.311s] [34mcolcon.colcon_core.package_identification[0m [1;30mLevel 1[0m _identify(model/dataset/output_test) by extension 'ros'
[0.312s] [34mcolcon.colcon_core.package_identification[0m [1;30mLevel 1[0m _identify(model/dataset/output_test) by extensions ['cmake', 'python']
[0.312s] [34mcolcon.colcon_core.package_identification[0m [1;30mLevel 1[0m _identify(model/dataset/output_test) by extension 'cmake'
[0.312s] [34mcolcon.colcon_core.package_identification[0m [1;30mLevel 1[0m _identify(model/dataset/output_test) by extension 'python'
[0.312s] [34mcolcon.colcon_core.package_identification[0m [1;30mLevel 1[0m _identify(model/dataset/output_test) by extensions ['python_setup_py']
[0.312s] [34mcolcon.colcon_core.package_identification[0m [1;30mLevel 1[0m _identify(model/dataset/output_test) by extension 'python_setup_py'
[0.312s] [34mcolcon.colcon_core.package_identification[0m [1;30mLevel 1[0m _identify(model/model) by extensions ['ignore', 'ignore_ament_install']
[0.312s] [34mcolcon.colcon_core.package_identification[0m [1;30mLevel 1[0m _identify(model/model) by extension 'ignore'
[0.312s] [34mcolcon.colcon_core.package_identification[0m [1;30mLevel 1[0m _identify(model/model) by extension 'ignore_ament_install'
[0.312s] [34mcolcon.colcon_core.package_identification[0m [1;30mLevel 1[0m _identify(model/model) by extensions ['colcon_pkg']
[0.312s] [34mcolcon.colcon_core.package_identification[0m [1;30mLevel 1[0m _identify(model/model) by extension 'colcon_pkg'
[0.312s] [34mcolcon.colcon_core.package_identification[0m [1;30mLevel 1[0m _identify(model/model) by extensions ['colcon_meta']
[0.312s] [34mcolcon.colcon_core.package_identification[0m [1;30mLevel 1[0m _identify(model/model) by extension 'colcon_meta'
[0.312s] [34mcolcon.colcon_core.package_identification[0m [1;30mLevel 1[0m _identify(model/model) by extensions ['ros']
[0.312s] [34mcolcon.colcon_core.package_identification[0m [1;30mLevel 1[0m _identify(model/model) by extension 'ros'
[0.312s] [34mcolcon.colcon_core.package_identification[0m [1;30mLevel 1[0m _identify(model/model) by extensions ['cmake', 'python']
[0.312s] [34mcolcon.colcon_core.package_identification[0m [1;30mLevel 1[0m _identify(model/model) by extension 'cmake'
[0.312s] [34mcolcon.colcon_core.package_identification[0m [1;30mLevel 1[0m _identify(model/model) by extension 'python'
[0.312s] [34mcolcon.colcon_core.package_identification[0m [1;30mLevel 1[0m _identify(model/model) by extensions ['python_setup_py']
[0.312s] [34mcolcon.colcon_core.package_identification[0m [1;30mLevel 1[0m _identify(model/model) by extension 'python_setup_py'
[0.313s] [34mcolcon.colcon_core.package_identification[0m [1;30mLevel 1[0m _identify(model/scripts) by extensions ['ignore', 'ignore_ament_install']
[0.313s] [34mcolcon.colcon_core.package_identification[0m [1;30mLevel 1[0m _identify(model/scripts) by extension 'ignore'
[0.313s] [34mcolcon.colcon_core.package_identification[0m [1;30mLevel 1[0m _identify(model/scripts) by extension 'ignore_ament_install'
[0.313s] [34mcolcon.colcon_core.package_identification[0m [1;30mLevel 1[0m _identify(model/scripts) by extensions ['colcon_pkg']
[0.313s] [34mcolcon.colcon_core.package_identification[0m [1;30mLevel 1[0m _identify(model/scripts) by extension 'colcon_pkg'
[0.313s] [34mcolcon.colcon_core.package_identification[0m [1;30mLevel 1[0m _identify(model/scripts) by extensions ['colcon_meta']
[0.313s] [34mcolcon.colcon_core.package_identification[0m [1;30mLevel 1[0m _identify(model/scripts) by extension 'colcon_meta'
[0.313s] [34mcolcon.colcon_core.package_identification[0m [1;30mLevel 1[0m _identify(model/scripts) by extensions ['ros']
[0.313s] [34mcolcon.colcon_core.package_identification[0m [1;30mLevel 1[0m _identify(model/scripts) by extension 'ros'
[0.313s] [34mcolcon.colcon_core.package_identification[0m [1;30mLevel 1[0m _identify(model/scripts) by extensions ['cmake', 'python']
[0.313s] [34mcolcon.colcon_core.package_identification[0m [1;30mLevel 1[0m _identify(model/scripts) by extension 'cmake'
[0.313s] [34mcolcon.colcon_core.package_identification[0m [1;30mLevel 1[0m _identify(model/scripts) by extension 'python'
[0.313s] [34mcolcon.colcon_core.package_identification[0m [1;30mLevel 1[0m _identify(model/scripts) by extensions ['python_setup_py']
[0.313s] [34mcolcon.colcon_core.package_identification[0m [1;30mLevel 1[0m _identify(model/scripts) by extension 'python_setup_py'
[0.313s] [34mcolcon.colcon_core.package_identification[0m [1;30mLevel 1[0m _identify(model/scripts/__pycache__) by extensions ['ignore', 'ignore_ament_install']
[0.313s] [34mcolcon.colcon_core.package_identification[0m [1;30mLevel 1[0m _identify(model/scripts/__pycache__) by extension 'ignore'
[0.313s] [34mcolcon.colcon_core.package_identification[0m [1;30mLevel 1[0m _identify(model/scripts/__pycache__) by extension 'ignore_ament_install'
[0.313s] [34mcolcon.colcon_core.package_identification[0m [1;30mLevel 1[0m _identify(model/scripts/__pycache__) by extensions ['colcon_pkg']
[0.313s] [34mcolcon.colcon_core.package_identification[0m [1;30mLevel 1[0m _identify(model/scripts/__pycache__) by extension 'colcon_pkg'
[0.314s] [34mcolcon.colcon_core.package_identification[0m [1;30mLevel 1[0m _identify(model/scripts/__pycache__) by extensions ['colcon_meta']
[0.314s] [34mcolcon.colcon_core.package_identification[0m [1;30mLevel 1[0m _identify(model/scripts/__pycache__) by extension 'colcon_meta'
[0.314s] [34mcolcon.colcon_core.package_identification[0m [1;30mLevel 1[0m _identify(model/scripts/__pycache__) by extensions ['ros']
[0.314s] [34mcolcon.colcon_core.package_identification[0m [1;30mLevel 1[0m _identify(model/scripts/__pycache__) by extension 'ros'
[0.314s] [34mcolcon.colcon_core.package_identification[0m [1;30mLevel 1[0m _identify(model/scripts/__pycache__) by extensions ['cmake', 'python']
[0.314s] [34mcolcon.colcon_core.package_identification[0m [1;30mLevel 1[0m _identify(model/scripts/__pycache__) by extension 'cmake'
[0.314s] [34mcolcon.colcon_core.package_identification[0m [1;30mLevel 1[0m _identify(model/scripts/__pycache__) by extension 'python'
[0.314s] [34mcolcon.colcon_core.package_identification[0m [1;30mLevel 1[0m _identify(model/scripts/__pycache__) by extensions ['python_setup_py']
[0.314s] [34mcolcon.colcon_core.package_identification[0m [1;30mLevel 1[0m _identify(model/scripts/__pycache__) by extension 'python_setup_py'
[0.314s] [34mcolcon.colcon_core.package_identification[0m [1;30mLevel 1[0m _identify(model/test) by extensions ['ignore', 'ignore_ament_install']
[0.314s] [34mcolcon.colcon_core.package_identification[0m [1;30mLevel 1[0m _identify(model/test) by extension 'ignore'
[0.314s] [34mcolcon.colcon_core.package_identification[0m [1;30mLevel 1[0m _identify(model/test) by extension 'ignore_ament_install'
[0.314s] [34mcolcon.colcon_core.package_identification[0m [1;30mLevel 1[0m _identify(model/test) by extensions ['colcon_pkg']
[0.315s] [34mcolcon.colcon_core.package_identification[0m [1;30mLevel 1[0m _identify(model/test) by extension 'colcon_pkg'
[0.315s] [34mcolcon.colcon_core.package_identification[0m [1;30mLevel 1[0m _identify(model/test) by extensions ['colcon_meta']
[0.315s] [34mcolcon.colcon_core.package_identification[0m [1;30mLevel 1[0m _identify(model/test) by extension 'colcon_meta'
[0.315s] [34mcolcon.colcon_core.package_identification[0m [1;30mLevel 1[0m _identify(model/test) by extensions ['ros']
[0.315s] [34mcolcon.colcon_core.package_identification[0m [1;30mLevel 1[0m _identify(model/test) by extension 'ros'
[0.315s] [34mcolcon.colcon_core.package_identification[0m [1;30mLevel 1[0m _identify(model/test) by extensions ['cmake', 'python']
[0.315s] [34mcolcon.colcon_core.package_identification[0m [1;30mLevel 1[0m _identify(model/test) by extension 'cmake'
[0.315s] [34mcolcon.colcon_core.package_identification[0m [1;30mLevel 1[0m _identify(model/test) by extension 'python'
[0.315s] [34mcolcon.colcon_core.package_identification[0m [1;30mLevel 1[0m _identify(model/test) by extensions ['python_setup_py']
[0.315s] [34mcolcon.colcon_core.package_identification[0m [1;30mLevel 1[0m _identify(model/test) by extension 'python_setup_py'
[0.315s] [34mcolcon.colcon_core.package_identification[0m [1;30mLevel 1[0m _identify(tangram) by extensions ['ignore', 'ignore_ament_install']
[0.315s] [34mcolcon.colcon_core.package_identification[0m [1;30mLevel 1[0m _identify(tangram) by extension 'ignore'
[0.315s] [34mcolcon.colcon_core.package_identification[0m [1;30mLevel 1[0m _identify(tangram) by extension 'ignore_ament_install'
[0.315s] [34mcolcon.colcon_core.package_identification[0m [1;30mLevel 1[0m _identify(tangram) by extensions ['colcon_pkg']
[0.316s] [34mcolcon.colcon_core.package_identification[0m [1;30mLevel 1[0m _identify(tangram) by extension 'colcon_pkg'
[0.316s] [34mcolcon.colcon_core.package_identification[0m [1;30mLevel 1[0m _identify(tangram) by extensions ['colcon_meta']
[0.316s] [34mcolcon.colcon_core.package_identification[0m [1;30mLevel 1[0m _identify(tangram) by extension 'colcon_meta'
[0.316s] [34mcolcon.colcon_core.package_identification[0m [1;30mLevel 1[0m _identify(tangram) by extensions ['ros']
[0.316s] [34mcolcon.colcon_core.package_identification[0m [1;30mLevel 1[0m _identify(tangram) by extension 'ros'
[0.316s] [34mcolcon.colcon_core.package_identification[0m [1;30mLevel 1[0m _identify(tangram) by extensions ['cmake', 'python']
[0.316s] [34mcolcon.colcon_core.package_identification[0m [1;30mLevel 1[0m _identify(tangram) by extension 'cmake'
[0.316s] [34mcolcon.colcon_core.package_identification[0m [1;30mLevel 1[0m _identify(tangram) by extension 'python'
[0.316s] [34mcolcon.colcon_core.package_identification[0m [1;30mLevel 1[0m _identify(tangram) by extensions ['python_setup_py']
[0.316s] [34mcolcon.colcon_core.package_identification[0m [1;30mLevel 1[0m _identify(tangram) by extension 'python_setup_py'
[0.316s] [34mcolcon.colcon_core.package_identification[0m [1;30mLevel 1[0m _identify(tangram/__pycache__) by extensions ['ignore', 'ignore_ament_install']
[0.316s] [34mcolcon.colcon_core.package_identification[0m [1;30mLevel 1[0m _identify(tangram/__pycache__) by extension 'ignore'
[0.316s] [34mcolcon.colcon_core.package_identification[0m [1;30mLevel 1[0m _identify(tangram/__pycache__) by extension 'ignore_ament_install'
[0.316s] [34mcolcon.colcon_core.package_identification[0m [1;30mLevel 1[0m _identify(tangram/__pycache__) by extensions ['colcon_pkg']
[0.316s] [34mcolcon.colcon_core.package_identification[0m [1;30mLevel 1[0m _identify(tangram/__pycache__) by extension 'colcon_pkg'
[0.316s] [34mcolcon.colcon_core.package_identification[0m [1;30mLevel 1[0m _identify(tangram/__pycache__) by extensions ['colcon_meta']
[0.316s] [34mcolcon.colcon_core.package_identification[0m [1;30mLevel 1[0m _identify(tangram/__pycache__) by extension 'colcon_meta'
[0.317s] [34mcolcon.colcon_core.package_identification[0m [1;30mLevel 1[0m _identify(tangram/__pycache__) by extensions ['ros']
[0.317s] [34mcolcon.colcon_core.package_identification[0m [1;30mLevel 1[0m _identify(tangram/__pycache__) by extension 'ros'
[0.317s] [34mcolcon.colcon_core.package_identification[0m [1;30mLevel 1[0m _identify(tangram/__pycache__) by extensions ['cmake', 'python']
[0.317s] [34mcolcon.colcon_core.package_identification[0m [1;30mLevel 1[0m _identify(tangram/__pycache__) by extension 'cmake'
[0.317s] [34mcolcon.colcon_core.package_identification[0m [1;30mLevel 1[0m _identify(tangram/__pycache__) by extension 'python'
[0.317s] [34mcolcon.colcon_core.package_identification[0m [1;30mLevel 1[0m _identify(tangram/__pycache__) by extensions ['python_setup_py']
[0.317s] [34mcolcon.colcon_core.package_identification[0m [1;30mLevel 1[0m _identify(tangram/__pycache__) by extension 'python_setup_py'
[0.317s] [34mcolcon.colcon_core.package_identification[0m [1;30mLevel 1[0m _identify(tangram_detection) by extensions ['ignore', 'ignore_ament_install']
[0.317s] [34mcolcon.colcon_core.package_identification[0m [1;30mLevel 1[0m _identify(tangram_detection) by extension 'ignore'
[0.317s] [34mcolcon.colcon_core.package_identification[0m [1;30mLevel 1[0m _identify(tangram_detection) by extension 'ignore_ament_install'
[0.317s] [34mcolcon.colcon_core.package_identification[0m [1;30mLevel 1[0m _identify(tangram_detection) by extensions ['colcon_pkg']
[0.317s] [34mcolcon.colcon_core.package_identification[0m [1;30mLevel 1[0m _identify(tangram_detection) by extension 'colcon_pkg'
[0.317s] [34mcolcon.colcon_core.package_identification[0m [1;30mLevel 1[0m _identify(tangram_detection) by extensions ['colcon_meta']
[0.317s] [34mcolcon.colcon_core.package_identification[0m [1;30mLevel 1[0m _identify(tangram_detection) by extension 'colcon_meta'
[0.317s] [34mcolcon.colcon_core.package_identification[0m [1;30mLevel 1[0m _identify(tangram_detection) by extensions ['ros']
[0.317s] [34mcolcon.colcon_core.package_identification[0m [1;30mLevel 1[0m _identify(tangram_detection) by extension 'ros'
[0.320s] [34mcolcon.colcon_core.package_identification[0m [1;30mDEBUG[0m [32mPackage 'tangram_detection' with type 'ros.ament_cmake' and name 'tangram_detection'[0m
[0.320s] [34mcolcon.colcon_core.package_identification[0m [1;30mLevel 1[0m _identify(tangram_msgs) by extensions ['ignore', 'ignore_ament_install']
[0.321s] [34mcolcon.colcon_core.package_identification[0m [1;30mLevel 1[0m _identify(tangram_msgs) by extension 'ignore'
[0.321s] [34mcolcon.colcon_core.package_identification[0m [1;30mLevel 1[0m _identify(tangram_msgs) by extension 'ignore_ament_install'
[0.321s] [34mcolcon.colcon_core.package_identification[0m [1;30mLevel 1[0m _identify(tangram_msgs) by extensions ['colcon_pkg']
[0.321s] [34mcolcon.colcon_core.package_identification[0m [1;30mLevel 1[0m _identify(tangram_msgs) by extension 'colcon_pkg'
[0.321s] [34mcolcon.colcon_core.package_identification[0m [1;30mLevel 1[0m _identify(tangram_msgs) by extensions ['colcon_meta']
[0.321s] [34mcolcon.colcon_core.package_identification[0m [1;30mLevel 1[0m _identify(tangram_msgs) by extension 'colcon_meta'
[0.321s] [34mcolcon.colcon_core.package_identification[0m [1;30mLevel 1[0m _identify(tangram_msgs) by extensions ['ros']
[0.321s] [34mcolcon.colcon_core.package_identification[0m [1;30mLevel 1[0m _identify(tangram_msgs) by extension 'ros'
[0.322s] [34mcolcon.colcon_core.package_identification[0m [1;30mDEBUG[0m [32mPackage 'tangram_msgs' with type 'ros.ament_cmake' and name 'tangram_msgs'[0m
[0.322s] [34mcolcon.colcon_core.package_identification[0m [1;30mLevel 1[0m _identify(tangram_solver) by extensions ['ignore', 'ignore_ament_install']
[0.322s] [34mcolcon.colcon_core.package_identification[0m [1;30mLevel 1[0m _identify(tangram_solver) by extension 'ignore'
[0.322s] [34mcolcon.colcon_core.package_identification[0m [1;30mLevel 1[0m _identify(tangram_solver) by extension 'ignore_ament_install'
[0.322s] [34mcolcon.colcon_core.package_identification[0m [1;30mLevel 1[0m _identify(tangram_solver) by extensions ['colcon_pkg']
[0.322s] [34mcolcon.colcon_core.package_identification[0m [1;30mLevel 1[0m _identify(tangram_solver) by extension 'colcon_pkg'
[0.322s] [34mcolcon.colcon_core.package_identification[0m [1;30mLevel 1[0m _identify(tangram_solver) by extensions ['colcon_meta']
[0.322s] [34mcolcon.colcon_core.package_identification[0m [1;30mLevel 1[0m _identify(tangram_solver) by extension 'colcon_meta'
[0.322s] [34mcolcon.colcon_core.package_identification[0m [1;30mLevel 1[0m _identify(tangram_solver) by extensions ['ros']
[0.322s] [34mcolcon.colcon_core.package_identification[0m [1;30mLevel 1[0m _identify(tangram_solver) by extension 'ros'
[0.323s] [34mcolcon.colcon_core.package_identification[0m [1;30mDEBUG[0m [32mPackage 'tangram_solver' with type 'ros.ament_python' and name 'tangram_solver'[0m
[0.323s] [34mcolcon.colcon_core.package_discovery[0m [1;30mLevel 1[0m discover_packages(recursive) using defaults
[0.323s] [34mcolcon.colcon_core.package_discovery[0m [1;30mLevel 1[0m discover_packages(ignore) discover
[0.323s] [34mcolcon.colcon_core.package_discovery[0m [1;30mLevel 1[0m discover_packages(ignore) using defaults
[0.323s] [34mcolcon.colcon_core.package_discovery[0m [1;30mLevel 1[0m discover_packages(path) discover
[0.323s] [34mcolcon.colcon_core.package_discovery[0m [1;30mLevel 1[0m discover_packages(path) using defaults
[0.342s] [34mcolcon.colcon_core.package_discovery[0m [1;30mLevel 1[0m discover_packages(prefix_path) check parameters
[0.342s] [34mcolcon.colcon_core.package_discovery[0m [1;30mLevel 1[0m discover_packages(prefix_path) discover
[0.346s] [34mcolcon.colcon_installed_package_information.package_discovery[0m [1;30mDEBUG[0m [32mFound 8 installed packages in /home/jingkun/ws/ros_ws/iron/franka/install[0m
[0.347s] [34mcolcon.colcon_installed_package_information.package_discovery[0m [1;30mDEBUG[0m [32mFound 9 installed packages in /home/jingkun/ws/ros_ws/iron/turtlebot3/install[0m
[0.349s] [34mcolcon.colcon_installed_package_information.package_discovery[0m [1;30mDEBUG[0m [32mFound 21 installed packages in /home/jingkun/ws/ros_ws/iron/interbotix/install[0m
[0.352s] [34mcolcon.colcon_installed_package_information.package_discovery[0m [1;30mDEBUG[0m [32mFound 494 installed packages in /opt/ros/iron[0m
[0.374s] [34mcolcon.colcon_core.package_discovery[0m [1;30mLevel 1[0m discover_packages(prefix_path) using defaults
[0.464s] [34mcolcon.colcon_core.verb[0m [1;30mLevel 5[0m set package 'tangram_msgs' build argument 'cmake_args' from command line to 'None'
[0.464s] [34mcolcon.colcon_core.verb[0m [1;30mLevel 5[0m set package 'tangram_msgs' build argument 'cmake_target' from command line to 'None'
[0.464s] [34mcolcon.colcon_core.verb[0m [1;30mLevel 5[0m set package 'tangram_msgs' build argument 'cmake_target_skip_unavailable' from command line to 'False'
[0.464s] [34mcolcon.colcon_core.verb[0m [1;30mLevel 5[0m set package 'tangram_msgs' build argument 'cmake_clean_cache' from command line to 'False'
[0.464s] [34mcolcon.colcon_core.verb[0m [1;30mLevel 5[0m set package 'tangram_msgs' build argument 'cmake_clean_first' from command line to 'False'
[0.464s] [34mcolcon.colcon_core.verb[0m [1;30mLevel 5[0m set package 'tangram_msgs' build argument 'cmake_force_configure' from command line to 'False'
[0.465s] [34mcolcon.colcon_core.verb[0m [1;30mLevel 5[0m set package 'tangram_msgs' build argument 'ament_cmake_args' from command line to 'None'
[0.465s] [34mcolcon.colcon_core.verb[0m [1;30mLevel 5[0m set package 'tangram_msgs' build argument 'catkin_cmake_args' from command line to 'None'
[0.465s] [34mcolcon.colcon_core.verb[0m [1;30mLevel 5[0m set package 'tangram_msgs' build argument 'catkin_skip_building_tests' from command line to 'False'
[0.465s] [34mcolcon.colcon_core.verb[0m [1;30mDEBUG[0m [32mBuilding package 'tangram_msgs' with the following arguments: {'ament_cmake_args': None, 'build_base': '/home/jingkun/Documents/Final_Project/src/Autonomous_Tangram_Solver/build/tangram_msgs', 'catkin_cmake_args': None, 'catkin_skip_building_tests': False, 'cmake_args': None, 'cmake_clean_cache': False, 'cmake_clean_first': False, 'cmake_force_configure': False, 'cmake_target': None, 'cmake_target_skip_unavailable': False, 'install_base': '/home/jingkun/Documents/Final_Project/src/Autonomous_Tangram_Solver/install/tangram_msgs', 'merge_install': False, 'path': '/home/jingkun/Documents/Final_Project/src/Autonomous_Tangram_Solver/tangram_msgs', 'symlink_install': True, 'test_result_base': None}[0m
[0.465s] [34mcolcon.colcon_core.verb[0m [1;30mLevel 5[0m set package 'tangram_solver' build argument 'cmake_args' from command line to 'None'
[0.465s] [34mcolcon.colcon_core.verb[0m [1;30mLevel 5[0m set package 'tangram_solver' build argument 'cmake_target' from command line to 'None'
[0.465s] [34mcolcon.colcon_core.verb[0m [1;30mLevel 5[0m set package 'tangram_solver' build argument 'cmake_target_skip_unavailable' from command line to 'False'
[0.465s] [34mcolcon.colcon_core.verb[0m [1;30mLevel 5[0m set package 'tangram_solver' build argument 'cmake_clean_cache' from command line to 'False'
[0.465s] [34mcolcon.colcon_core.verb[0m [1;30mLevel 5[0m set package 'tangram_solver' build argument 'cmake_clean_first' from command line to 'False'
[0.465s] [34mcolcon.colcon_core.verb[0m [1;30mLevel 5[0m set package 'tangram_solver' build argument 'cmake_force_configure' from command line to 'False'
[0.465s] [34mcolcon.colcon_core.verb[0m [1;30mLevel 5[0m set package 'tangram_solver' build argument 'ament_cmake_args' from command line to 'None'
[0.465s] [34mcolcon.colcon_core.verb[0m [1;30mLevel 5[0m set package 'tangram_solver' build argument 'catkin_cmake_args' from command line to 'None'
[0.465s] [34mcolcon.colcon_core.verb[0m [1;30mLevel 5[0m set package 'tangram_solver' build argument 'catkin_skip_building_tests' from command line to 'False'
[0.466s] [34mcolcon.colcon_core.verb[0m [1;30mDEBUG[0m [32mBuilding package 'tangram_solver' with the following arguments: {'ament_cmake_args': None, 'build_base': '/home/jingkun/Documents/Final_Project/src/Autonomous_Tangram_Solver/build/tangram_solver', 'catkin_cmake_args': None, 'catkin_skip_building_tests': False, 'cmake_args': None, 'cmake_clean_cache': False, 'cmake_clean_first': False, 'cmake_force_configure': False, 'cmake_target': None, 'cmake_target_skip_unavailable': False, 'install_base': '/home/jingkun/Documents/Final_Project/src/Autonomous_Tangram_Solver/install/tangram_solver', 'merge_install': False, 'path': '/home/jingkun/Documents/Final_Project/src/Autonomous_Tangram_Solver/tangram_solver', 'symlink_install': True, 'test_result_base': None}[0m
[0.466s] [34mcolcon.colcon_core.verb[0m [1;30mLevel 5[0m set package 'tangram_detection' build argument 'cmake_args' from command line to 'None'
[0.466s] [34mcolcon.colcon_core.verb[0m [1;30mLevel 5[0m set package 'tangram_detection' build argument 'cmake_target' from command line to 'None'
[0.466s] [34mcolcon.colcon_core.verb[0m [1;30mLevel 5[0m set package 'tangram_detection' build argument 'cmake_target_skip_unavailable' from command line to 'False'
[0.466s] [34mcolcon.colcon_core.verb[0m [1;30mLevel 5[0m set package 'tangram_detection' build argument 'cmake_clean_cache' from command line to 'False'
[0.466s] [34mcolcon.colcon_core.verb[0m [1;30mLevel 5[0m set package 'tangram_detection' build argument 'cmake_clean_first' from command line to 'False'
[0.466s] [34mcolcon.colcon_core.verb[0m [1;30mLevel 5[0m set package 'tangram_detection' build argument 'cmake_force_configure' from command line to 'False'
[0.466s] [34mcolcon.colcon_core.verb[0m [1;30mLevel 5[0m set package 'tangram_detection' build argument 'ament_cmake_args' from command line to 'None'
[0.466s] [34mcolcon.colcon_core.verb[0m [1;30mLevel 5[0m set package 'tangram_detection' build argument 'catkin_cmake_args' from command line to 'None'
[0.466s] [34mcolcon.colcon_core.verb[0m [1;30mLevel 5[0m set package 'tangram_detection' build argument 'catkin_skip_building_tests' from command line to 'False'
[0.466s] [34mcolcon.colcon_core.verb[0m [1;30mDEBUG[0m [32mBuilding package 'tangram_detection' with the following arguments: {'ament_cmake_args': None, 'build_base': '/home/jingkun/Documents/Final_Project/src/Autonomous_Tangram_Solver/build/tangram_detection', 'catkin_cmake_args': None, 'catkin_skip_building_tests': False, 'cmake_args': None, 'cmake_clean_cache': False, 'cmake_clean_first': False, 'cmake_force_configure': False, 'cmake_target': None, 'cmake_target_skip_unavailable': False, 'install_base': '/home/jingkun/Documents/Final_Project/src/Autonomous_Tangram_Solver/install/tangram_detection', 'merge_install': False, 'path': '/home/jingkun/Documents/Final_Project/src/Autonomous_Tangram_Solver/tangram_detection', 'symlink_install': True, 'test_result_base': None}[0m
[0.467s] [34mcolcon.colcon_core.executor[0m [1;30mINFO[0m Executing jobs using 'parallel' executor
[0.469s] [34mcolcon.colcon_parallel_executor.executor.parallel[0m [1;30mDEBUG[0m [32mrun_until_complete[0m
[0.469s] [34mcolcon.colcon_ros.task.ament_cmake.build[0m [1;30mINFO[0m Building ROS package in '/home/jingkun/Documents/Final_Project/src/Autonomous_Tangram_Solver/tangram_msgs' with build type 'ament_cmake'
[0.469s] [34mcolcon.colcon_cmake.task.cmake.build[0m [1;30mINFO[0m Building CMake package in '/home/jingkun/Documents/Final_Project/src/Autonomous_Tangram_Solver/tangram_msgs'
[0.473s] [34mcolcon.colcon_core.plugin_system[0m [1;30mINFO[0m Skipping extension 'colcon_core.shell.bat': Not used on non-Windows systems
[0.473s] [34mcolcon.colcon_core.shell[0m [1;30mINFO[0m Skip shell extension 'powershell' for command environment: Not usable outside of PowerShell
[0.473s] [34mcolcon.colcon_core.shell[0m [1;30mDEBUG[0m [32mSkip shell extension 'dsv' for command environment[0m
[0.483s] [34mcolcon.colcon_ros.task.ament_python.build[0m [1;30mINFO[0m Building ROS package in '/home/jingkun/Documents/Final_Project/src/Autonomous_Tangram_Solver/tangram_solver' with build type 'ament_python'
[0.483s] [34mcolcon.colcon_core.shell[0m [1;30mLevel 1[0m create_environment_hook('tangram_solver', 'ament_prefix_path')
[0.484s] [34mcolcon.colcon_core.shell[0m [1;30mINFO[0m Creating environment hook '/home/jingkun/Documents/Final_Project/src/Autonomous_Tangram_Solver/install/tangram_solver/share/tangram_solver/hook/ament_prefix_path.ps1'
[0.485s] [34mcolcon.colcon_core.shell[0m [1;30mINFO[0m Creating environment descriptor '/home/jingkun/Documents/Final_Project/src/Autonomous_Tangram_Solver/install/tangram_solver/share/tangram_solver/hook/ament_prefix_path.dsv'
[0.485s] [34mcolcon.colcon_core.shell[0m [1;30mINFO[0m Creating environment hook '/home/jingkun/Documents/Final_Project/src/Autonomous_Tangram_Solver/install/tangram_solver/share/tangram_solver/hook/ament_prefix_path.sh'
[0.486s] [34mcolcon.colcon_core.shell[0m [1;30mINFO[0m Skip shell extension 'powershell' for command environment: Not usable outside of PowerShell
[0.486s] [34mcolcon.colcon_core.shell[0m [1;30mDEBUG[0m [32mSkip shell extension 'dsv' for command environment[0m
[0.504s] [34mcolcon.colcon_core.event_handler.log_command[0m [1;30mDEBUG[0m [32mInvoking command in '/home/jingkun/Documents/Final_Project/src/Autonomous_Tangram_Solver/build/tangram_msgs': CMAKE_PREFIX_PATH=${CMAKE_PREFIX_PATH}:/home/jingkun/ws/ros_ws/iron/interbotix/install/interbotix_xs_modules:/home/jingkun/ws/ros_ws/iron/interbotix/install/interbotix_common_modules:/home/jingkun/ws/ros_ws/iron/turtlebot3/install/turtlebot3_teleop:/home/jingkun/ws/ros_ws/iron/turtlebot3/install/turtlebot3_example:/opt/ros/iron /usr/bin/cmake /home/jingkun/Documents/Final_Project/src/Autonomous_Tangram_Solver/tangram_msgs -DAMENT_CMAKE_SYMLINK_INSTALL=1 -DCMAKE_INSTALL_PREFIX=/home/jingkun/Documents/Final_Project/src/Autonomous_Tangram_Solver/install/tangram_msgs[0m
[0.937s] [34mcolcon.colcon_core.task.python.build[0m [1;30mINFO[0m Building Python package in '/home/jingkun/Documents/Final_Project/src/Autonomous_Tangram_Solver/tangram_solver'
[0.937s] [34mcolcon.colcon_core.shell[0m [1;30mINFO[0m Skip shell extension 'powershell' for command environment: Not usable outside of PowerShell
[0.937s] [34mcolcon.colcon_core.shell[0m [1;30mDEBUG[0m [32mSkip shell extension 'dsv' for command environment[0m
[2.172s] [34mcolcon.colcon_core.event_handler.log_command[0m [1;30mDEBUG[0m [32mInvoking command in '/home/jingkun/Documents/Final_Project/src/Autonomous_Tangram_Solver/build/tangram_solver': PYTHONPATH=/home/jingkun/Documents/Final_Project/src/Autonomous_Tangram_Solver/build/tangram_solver/prefix_override:/usr/lib/python3/dist-packages/colcon_core/task/python/colcon_distutils_commands:/home/jingkun/Documents/Final_Project/src/Autonomous_Tangram_Solver/install/tangram_solver/lib/python3.10/site-packages:${PYTHONPATH} /usr/bin/python3 -W ignore:setup.py install is deprecated setup.py develop --editable --build-directory /home/jingkun/Documents/Final_Project/src/Autonomous_Tangram_Solver/build/tangram_solver/build --no-deps symlink_data[0m
[3.711s] [34mcolcon.colcon_core.shell[0m [1;30mLevel 1[0m create_environment_hook('tangram_solver', 'pythonpath_develop')
[3.712s] [34mcolcon.colcon_core.event_handler.log_command[0m [1;30mDEBUG[0m [32mInvoked command in '/home/jingkun/Documents/Final_Project/src/Autonomous_Tangram_Solver/build/tangram_solver' returned '0': PYTHONPATH=/home/jingkun/Documents/Final_Project/src/Autonomous_Tangram_Solver/build/tangram_solver/prefix_override:/usr/lib/python3/dist-packages/colcon_core/task/python/colcon_distutils_commands:/home/jingkun/Documents/Final_Project/src/Autonomous_Tangram_Solver/install/tangram_solver/lib/python3.10/site-packages:${PYTHONPATH} /usr/bin/python3 -W ignore:setup.py install is deprecated setup.py develop --editable --build-directory /home/jingkun/Documents/Final_Project/src/Autonomous_Tangram_Solver/build/tangram_solver/build --no-deps symlink_data[0m
[3.712s] [34mcolcon.colcon_core.shell[0m [1;30mINFO[0m Creating environment hook '/home/jingkun/Documents/Final_Project/src/Autonomous_Tangram_Solver/build/tangram_solver/share/tangram_solver/hook/pythonpath_develop.ps1'
[3.713s] [34mcolcon.colcon_core.shell[0m [1;30mINFO[0m Creating environment descriptor '/home/jingkun/Documents/Final_Project/src/Autonomous_Tangram_Solver/build/tangram_solver/share/tangram_solver/hook/pythonpath_develop.dsv'
[3.714s] [34mcolcon.colcon_core.shell[0m [1;30mINFO[0m Creating environment hook '/home/jingkun/Documents/Final_Project/src/Autonomous_Tangram_Solver/build/tangram_solver/share/tangram_solver/hook/pythonpath_develop.sh'
[3.718s] [34mcolcon.colcon_core.environment[0m [1;30mLevel 1[0m checking '/home/jingkun/Documents/Final_Project/src/Autonomous_Tangram_Solver/install/tangram_solver' for CMake module files
[3.719s] [34mcolcon.colcon_core.environment[0m [1;30mLevel 1[0m checking '/home/jingkun/Documents/Final_Project/src/Autonomous_Tangram_Solver/install/tangram_solver' for CMake config files
[3.720s] [34mcolcon.colcon_core.environment[0m [1;30mLevel 1[0m checking '/home/jingkun/Documents/Final_Project/src/Autonomous_Tangram_Solver/install/tangram_solver/lib'
[3.720s] [34mcolcon.colcon_core.environment[0m [1;30mLevel 1[0m checking '/home/jingkun/Documents/Final_Project/src/Autonomous_Tangram_Solver/install/tangram_solver/bin'
[3.720s] [34mcolcon.colcon_core.environment[0m [1;30mLevel 1[0m checking '/home/jingkun/Documents/Final_Project/src/Autonomous_Tangram_Solver/install/tangram_solver/lib/pkgconfig/tangram_solver.pc'
[3.720s] [34mcolcon.colcon_core.environment[0m [1;30mLevel 1[0m checking '/home/jingkun/Documents/Final_Project/src/Autonomous_Tangram_Solver/install/tangram_solver/lib/python3.10/site-packages'
[3.720s] [34mcolcon.colcon_core.shell[0m [1;30mLevel 1[0m create_environment_hook('tangram_solver', 'pythonpath')
[3.721s] [34mcolcon.colcon_core.shell[0m [1;30mINFO[0m Creating environment hook '/home/jingkun/Documents/Final_Project/src/Autonomous_Tangram_Solver/install/tangram_solver/share/tangram_solver/hook/pythonpath.ps1'
[3.721s] [34mcolcon.colcon_core.shell[0m [1;30mINFO[0m Creating environment descriptor '/home/jingkun/Documents/Final_Project/src/Autonomous_Tangram_Solver/install/tangram_solver/share/tangram_solver/hook/pythonpath.dsv'
[3.721s] [34mcolcon.colcon_core.shell[0m [1;30mINFO[0m Creating environment hook '/home/jingkun/Documents/Final_Project/src/Autonomous_Tangram_Solver/install/tangram_solver/share/tangram_solver/hook/pythonpath.sh'
[3.722s] [34mcolcon.colcon_core.environment[0m [1;30mLevel 1[0m checking '/home/jingkun/Documents/Final_Project/src/Autonomous_Tangram_Solver/install/tangram_solver/bin'
[3.722s] [34mcolcon.colcon_core.environment[0m [1;30mLevel 1[0m create_environment_scripts_only(tangram_solver)
[3.723s] [34mcolcon.colcon_core.shell[0m [1;30mINFO[0m Creating package script '/home/jingkun/Documents/Final_Project/src/Autonomous_Tangram_Solver/install/tangram_solver/share/tangram_solver/package.ps1'
[3.724s] [34mcolcon.colcon_core.shell[0m [1;30mINFO[0m Creating package descriptor '/home/jingkun/Documents/Final_Project/src/Autonomous_Tangram_Solver/install/tangram_solver/share/tangram_solver/package.dsv'
[3.725s] [34mcolcon.colcon_core.shell[0m [1;30mINFO[0m Creating package script '/home/jingkun/Documents/Final_Project/src/Autonomous_Tangram_Solver/install/tangram_solver/share/tangram_solver/package.sh'
[3.726s] [34mcolcon.colcon_core.shell[0m [1;30mINFO[0m Creating package script '/home/jingkun/Documents/Final_Project/src/Autonomous_Tangram_Solver/install/tangram_solver/share/tangram_solver/package.bash'
[3.727s] [34mcolcon.colcon_core.shell[0m [1;30mINFO[0m Creating package script '/home/jingkun/Documents/Final_Project/src/Autonomous_Tangram_Solver/install/tangram_solver/share/tangram_solver/package.zsh'
[3.728s] [34mcolcon.colcon_core.environment[0m [1;30mLevel 1[0m create_file_with_runtime_dependencies(/home/jingkun/Documents/Final_Project/src/Autonomous_Tangram_Solver/install/tangram_solver/share/colcon-core/packages/tangram_solver)
[4.253s] [34mcolcon.colcon_core.event_handler.log_command[0m [1;30mDEBUG[0m [32mInvoked command in '/home/jingkun/Documents/Final_Project/src/Autonomous_Tangram_Solver/build/tangram_msgs' returned '0': CMAKE_PREFIX_PATH=${CMAKE_PREFIX_PATH}:/home/jingkun/ws/ros_ws/iron/interbotix/install/interbotix_xs_modules:/home/jingkun/ws/ros_ws/iron/interbotix/install/interbotix_common_modules:/home/jingkun/ws/ros_ws/iron/turtlebot3/install/turtlebot3_teleop:/home/jingkun/ws/ros_ws/iron/turtlebot3/install/turtlebot3_example:/opt/ros/iron /usr/bin/cmake /home/jingkun/Documents/Final_Project/src/Autonomous_Tangram_Solver/tangram_msgs -DAMENT_CMAKE_SYMLINK_INSTALL=1 -DCMAKE_INSTALL_PREFIX=/home/jingkun/Documents/Final_Project/src/Autonomous_Tangram_Solver/install/tangram_msgs[0m
[4.254s] [34mcolcon.colcon_core.event_handler.log_command[0m [1;30mDEBUG[0m [32mInvoking command in '/home/jingkun/Documents/Final_Project/src/Autonomous_Tangram_Solver/build/tangram_msgs': CMAKE_PREFIX_PATH=${CMAKE_PREFIX_PATH}:/home/jingkun/ws/ros_ws/iron/interbotix/install/interbotix_xs_modules:/home/jingkun/ws/ros_ws/iron/interbotix/install/interbotix_common_modules:/home/jingkun/ws/ros_ws/iron/turtlebot3/install/turtlebot3_teleop:/home/jingkun/ws/ros_ws/iron/turtlebot3/install/turtlebot3_example:/opt/ros/iron /usr/bin/cmake --build /home/jingkun/Documents/Final_Project/src/Autonomous_Tangram_Solver/build/tangram_msgs -- -j32 -l32[0m
[8.255s] [34mcolcon.colcon_core.event_handler.log_command[0m [1;30mDEBUG[0m [32mInvoked command in '/home/jingkun/Documents/Final_Project/src/Autonomous_Tangram_Solver/build/tangram_msgs' returned '0': CMAKE_PREFIX_PATH=${CMAKE_PREFIX_PATH}:/home/jingkun/ws/ros_ws/iron/interbotix/install/interbotix_xs_modules:/home/jingkun/ws/ros_ws/iron/interbotix/install/interbotix_common_modules:/home/jingkun/ws/ros_ws/iron/turtlebot3/install/turtlebot3_teleop:/home/jingkun/ws/ros_ws/iron/turtlebot3/install/turtlebot3_example:/opt/ros/iron /usr/bin/cmake --build /home/jingkun/Documents/Final_Project/src/Autonomous_Tangram_Solver/build/tangram_msgs -- -j32 -l32[0m
[8.397s] [34mcolcon.colcon_core.event_handler.log_command[0m [1;30mDEBUG[0m [32mInvoking command in '/home/jingkun/Documents/Final_Project/src/Autonomous_Tangram_Solver/build/tangram_msgs': CMAKE_PREFIX_PATH=${CMAKE_PREFIX_PATH}:/home/jingkun/ws/ros_ws/iron/interbotix/install/interbotix_xs_modules:/home/jingkun/ws/ros_ws/iron/interbotix/install/interbotix_common_modules:/home/jingkun/ws/ros_ws/iron/turtlebot3/install/turtlebot3_teleop:/home/jingkun/ws/ros_ws/iron/turtlebot3/install/turtlebot3_example:/opt/ros/iron /usr/bin/cmake --install /home/jingkun/Documents/Final_Project/src/Autonomous_Tangram_Solver/build/tangram_msgs[0m
[9.558s] [34mcolcon.colcon_core.environment[0m [1;30mLevel 1[0m create_environment_scripts_only(tangram_msgs)
[9.559s] [34mcolcon.colcon_core.environment[0m [1;30mLevel 1[0m checking '/home/jingkun/Documents/Final_Project/src/Autonomous_Tangram_Solver/install/tangram_msgs' for CMake module files
[9.560s] [34mcolcon.colcon_core.event_handler.log_command[0m [1;30mDEBUG[0m [32mInvoked command in '/home/jingkun/Documents/Final_Project/src/Autonomous_Tangram_Solver/build/tangram_msgs' returned '0': CMAKE_PREFIX_PATH=${CMAKE_PREFIX_PATH}:/home/jingkun/ws/ros_ws/iron/interbotix/install/interbotix_xs_modules:/home/jingkun/ws/ros_ws/iron/interbotix/install/interbotix_common_modules:/home/jingkun/ws/ros_ws/iron/turtlebot3/install/turtlebot3_teleop:/home/jingkun/ws/ros_ws/iron/turtlebot3/install/turtlebot3_example:/opt/ros/iron /usr/bin/cmake --install /home/jingkun/Documents/Final_Project/src/Autonomous_Tangram_Solver/build/tangram_msgs[0m
[9.561s] [34mcolcon.colcon_core.environment[0m [1;30mLevel 1[0m checking '/home/jingkun/Documents/Final_Project/src/Autonomous_Tangram_Solver/install/tangram_msgs' for CMake config files
[9.562s] [34mcolcon.colcon_core.shell[0m [1;30mLevel 1[0m create_environment_hook('tangram_msgs', 'cmake_prefix_path')
[9.562s] [34mcolcon.colcon_core.shell[0m [1;30mINFO[0m Creating environment hook '/home/jingkun/Documents/Final_Project/src/Autonomous_Tangram_Solver/install/tangram_msgs/share/tangram_msgs/hook/cmake_prefix_path.ps1'
[9.563s] [34mcolcon.colcon_core.shell[0m [1;30mINFO[0m Creating environment descriptor '/home/jingkun/Documents/Final_Project/src/Autonomous_Tangram_Solver/install/tangram_msgs/share/tangram_msgs/hook/cmake_prefix_path.dsv'
[9.564s] [34mcolcon.colcon_core.shell[0m [1;30mINFO[0m Creating environment hook '/home/jingkun/Documents/Final_Project/src/Autonomous_Tangram_Solver/install/tangram_msgs/share/tangram_msgs/hook/cmake_prefix_path.sh'
[9.565s] [34mcolcon.colcon_core.environment[0m [1;30mLevel 1[0m checking '/home/jingkun/Documents/Final_Project/src/Autonomous_Tangram_Solver/install/tangram_msgs/lib'
[9.565s] [34mcolcon.colcon_core.shell[0m [1;30mLevel 1[0m create_environment_hook('tangram_msgs', 'ld_library_path_lib')
[9.565s] [34mcolcon.colcon_core.shell[0m [1;30mINFO[0m Creating environment hook '/home/jingkun/Documents/Final_Project/src/Autonomous_Tangram_Solver/install/tangram_msgs/share/tangram_msgs/hook/ld_library_path_lib.ps1'
[9.566s] [34mcolcon.colcon_core.shell[0m [1;30mINFO[0m Creating environment descriptor '/home/jingkun/Documents/Final_Project/src/Autonomous_Tangram_Solver/install/tangram_msgs/share/tangram_msgs/hook/ld_library_path_lib.dsv'
[9.566s] [34mcolcon.colcon_core.shell[0m [1;30mINFO[0m Creating environment hook '/home/jingkun/Documents/Final_Project/src/Autonomous_Tangram_Solver/install/tangram_msgs/share/tangram_msgs/hook/ld_library_path_lib.sh'
[9.567s] [34mcolcon.colcon_core.environment[0m [1;30mLevel 1[0m checking '/home/jingkun/Documents/Final_Project/src/Autonomous_Tangram_Solver/install/tangram_msgs/bin'
[9.567s] [34mcolcon.colcon_core.environment[0m [1;30mLevel 1[0m checking '/home/jingkun/Documents/Final_Project/src/Autonomous_Tangram_Solver/install/tangram_msgs/lib/pkgconfig/tangram_msgs.pc'
[9.567s] [34mcolcon.colcon_core.environment[0m [1;30mLevel 1[0m checking '/home/jingkun/Documents/Final_Project/src/Autonomous_Tangram_Solver/install/tangram_msgs/lib/python3.10/site-packages'
[9.567s] [34mcolcon.colcon_core.shell[0m [1;30mLevel 1[0m create_environment_hook('tangram_msgs', 'pythonpath')
[9.568s] [34mcolcon.colcon_core.shell[0m [1;30mINFO[0m Creating environment hook '/home/jingkun/Documents/Final_Project/src/Autonomous_Tangram_Solver/install/tangram_msgs/share/tangram_msgs/hook/pythonpath.ps1'
[9.568s] [34mcolcon.colcon_core.shell[0m [1;30mINFO[0m Creating environment descriptor '/home/jingkun/Documents/Final_Project/src/Autonomous_Tangram_Solver/install/tangram_msgs/share/tangram_msgs/hook/pythonpath.dsv'
[9.569s] [34mcolcon.colcon_core.shell[0m [1;30mINFO[0m Creating environment hook '/home/jingkun/Documents/Final_Project/src/Autonomous_Tangram_Solver/install/tangram_msgs/share/tangram_msgs/hook/pythonpath.sh'
[9.569s] [34mcolcon.colcon_core.environment[0m [1;30mLevel 1[0m checking '/home/jingkun/Documents/Final_Project/src/Autonomous_Tangram_Solver/install/tangram_msgs/bin'
[9.570s] [34mcolcon.colcon_core.shell[0m [1;30mINFO[0m Creating package script '/home/jingkun/Documents/Final_Project/src/Autonomous_Tangram_Solver/install/tangram_msgs/share/tangram_msgs/package.ps1'
[9.571s] [34mcolcon.colcon_core.shell[0m [1;30mINFO[0m Creating package descriptor '/home/jingkun/Documents/Final_Project/src/Autonomous_Tangram_Solver/install/tangram_msgs/share/tangram_msgs/package.dsv'
[9.572s] [34mcolcon.colcon_core.shell[0m [1;30mINFO[0m Creating package script '/home/jingkun/Documents/Final_Project/src/Autonomous_Tangram_Solver/install/tangram_msgs/share/tangram_msgs/package.sh'
[9.573s] [34mcolcon.colcon_core.shell[0m [1;30mINFO[0m Creating package script '/home/jingkun/Documents/Final_Project/src/Autonomous_Tangram_Solver/install/tangram_msgs/share/tangram_msgs/package.bash'
[9.573s] [34mcolcon.colcon_core.shell[0m [1;30mINFO[0m Creating package script '/home/jingkun/Documents/Final_Project/src/Autonomous_Tangram_Solver/install/tangram_msgs/share/tangram_msgs/package.zsh'
[9.574s] [34mcolcon.colcon_core.environment[0m [1;30mLevel 1[0m create_file_with_runtime_dependencies(/home/jingkun/Documents/Final_Project/src/Autonomous_Tangram_Solver/install/tangram_msgs/share/colcon-core/packages/tangram_msgs)
[9.726s] [34mcolcon.colcon_core.environment[0m [1;30mLevel 1[0m create_environment_scripts_only(tangram_msgs)
[9.726s] [34mcolcon.colcon_core.environment[0m [1;30mLevel 1[0m checking '/home/jingkun/Documents/Final_Project/src/Autonomous_Tangram_Solver/install/tangram_msgs' for CMake module files
[9.727s] [34mcolcon.colcon_core.environment[0m [1;30mLevel 1[0m checking '/home/jingkun/Documents/Final_Project/src/Autonomous_Tangram_Solver/install/tangram_msgs' for CMake config files
[9.727s] [34mcolcon.colcon_core.shell[0m [1;30mLevel 1[0m create_environment_hook('tangram_msgs', 'cmake_prefix_path')
[9.727s] [34mcolcon.colcon_core.shell[0m [1;30mINFO[0m Creating environment hook '/home/jingkun/Documents/Final_Project/src/Autonomous_Tangram_Solver/install/tangram_msgs/share/tangram_msgs/hook/cmake_prefix_path.ps1'
[9.727s] [34mcolcon.colcon_core.shell[0m [1;30mINFO[0m Creating environment descriptor '/home/jingkun/Documents/Final_Project/src/Autonomous_Tangram_Solver/install/tangram_msgs/share/tangram_msgs/hook/cmake_prefix_path.dsv'
[9.728s] [34mcolcon.colcon_core.shell[0m [1;30mINFO[0m Creating environment hook '/home/jingkun/Documents/Final_Project/src/Autonomous_Tangram_Solver/install/tangram_msgs/share/tangram_msgs/hook/cmake_prefix_path.sh'
[9.728s] [34mcolcon.colcon_core.environment[0m [1;30mLevel 1[0m checking '/home/jingkun/Documents/Final_Project/src/Autonomous_Tangram_Solver/install/tangram_msgs/lib'
[9.728s] [34mcolcon.colcon_core.shell[0m [1;30mLevel 1[0m create_environment_hook('tangram_msgs', 'ld_library_path_lib')
[9.728s] [34mcolcon.colcon_core.shell[0m [1;30mINFO[0m Creating environment hook '/home/jingkun/Documents/Final_Project/src/Autonomous_Tangram_Solver/install/tangram_msgs/share/tangram_msgs/hook/ld_library_path_lib.ps1'
[9.728s] [34mcolcon.colcon_core.shell[0m [1;30mINFO[0m Creating environment descriptor '/home/jingkun/Documents/Final_Project/src/Autonomous_Tangram_Solver/install/tangram_msgs/share/tangram_msgs/hook/ld_library_path_lib.dsv'
[9.729s] [34mcolcon.colcon_core.shell[0m [1;30mINFO[0m Creating environment hook '/home/jingkun/Documents/Final_Project/src/Autonomous_Tangram_Solver/install/tangram_msgs/share/tangram_msgs/hook/ld_library_path_lib.sh'
[9.729s] [34mcolcon.colcon_core.environment[0m [1;30mLevel 1[0m checking '/home/jingkun/Documents/Final_Project/src/Autonomous_Tangram_Solver/install/tangram_msgs/bin'
[9.729s] [34mcolcon.colcon_core.environment[0m [1;30mLevel 1[0m checking '/home/jingkun/Documents/Final_Project/src/Autonomous_Tangram_Solver/install/tangram_msgs/lib/pkgconfig/tangram_msgs.pc'
[9.729s] [34mcolcon.colcon_core.environment[0m [1;30mLevel 1[0m checking '/home/jingkun/Documents/Final_Project/src/Autonomous_Tangram_Solver/install/tangram_msgs/lib/python3.10/site-packages'
[9.729s] [34mcolcon.colcon_core.shell[0m [1;30mLevel 1[0m create_environment_hook('tangram_msgs', 'pythonpath')
[9.730s] [34mcolcon.colcon_core.shell[0m [1;30mINFO[0m Creating environment hook '/home/jingkun/Documents/Final_Project/src/Autonomous_Tangram_Solver/install/tangram_msgs/share/tangram_msgs/hook/pythonpath.ps1'
[9.730s] [34mcolcon.colcon_core.shell[0m [1;30mINFO[0m Creating environment descriptor '/home/jingkun/Documents/Final_Project/src/Autonomous_Tangram_Solver/install/tangram_msgs/share/tangram_msgs/hook/pythonpath.dsv'
[9.730s] [34mcolcon.colcon_core.shell[0m [1;30mINFO[0m Creating environment hook '/home/jingkun/Documents/Final_Project/src/Autonomous_Tangram_Solver/install/tangram_msgs/share/tangram_msgs/hook/pythonpath.sh'
[9.731s] [34mcolcon.colcon_core.environment[0m [1;30mLevel 1[0m checking '/home/jingkun/Documents/Final_Project/src/Autonomous_Tangram_Solver/install/tangram_msgs/bin'
[9.731s] [34mcolcon.colcon_core.shell[0m [1;30mINFO[0m Creating package script '/home/jingkun/Documents/Final_Project/src/Autonomous_Tangram_Solver/install/tangram_msgs/share/tangram_msgs/package.ps1'
[9.732s] [34mcolcon.colcon_core.shell[0m [1;30mINFO[0m Creating package descriptor '/home/jingkun/Documents/Final_Project/src/Autonomous_Tangram_Solver/install/tangram_msgs/share/tangram_msgs/package.dsv'
[9.732s] [34mcolcon.colcon_core.shell[0m [1;30mINFO[0m Creating package script '/home/jingkun/Documents/Final_Project/src/Autonomous_Tangram_Solver/install/tangram_msgs/share/tangram_msgs/package.sh'
[9.732s] [34mcolcon.colcon_core.shell[0m [1;30mINFO[0m Creating package script '/home/jingkun/Documents/Final_Project/src/Autonomous_Tangram_Solver/install/tangram_msgs/share/tangram_msgs/package.bash'
[9.733s] [34mcolcon.colcon_core.shell[0m [1;30mINFO[0m Creating package script '/home/jingkun/Documents/Final_Project/src/Autonomous_Tangram_Solver/install/tangram_msgs/share/tangram_msgs/package.zsh'
[9.733s] [34mcolcon.colcon_core.environment[0m [1;30mLevel 1[0m create_file_with_runtime_dependencies(/home/jingkun/Documents/Final_Project/src/Autonomous_Tangram_Solver/install/tangram_msgs/share/colcon-core/packages/tangram_msgs)
[9.733s] [34mcolcon.colcon_ros.task.ament_cmake.build[0m [1;30mINFO[0m Building ROS package in '/home/jingkun/Documents/Final_Project/src/Autonomous_Tangram_Solver/tangram_detection' with build type 'ament_cmake'
[9.733s] [34mcolcon.colcon_cmake.task.cmake.build[0m [1;30mINFO[0m Building CMake package in '/home/jingkun/Documents/Final_Project/src/Autonomous_Tangram_Solver/tangram_detection'
[9.734s] [34mcolcon.colcon_core.shell[0m [1;30mINFO[0m Skip shell extension 'powershell' for command environment: Not usable outside of PowerShell
[9.734s] [34mcolcon.colcon_core.shell[0m [1;30mDEBUG[0m [32mSkip shell extension 'dsv' for command environment[0m
[9.754s] [34mcolcon.colcon_core.event_handler.log_command[0m [1;30mDEBUG[0m [32mInvoking command in '/home/jingkun/Documents/Final_Project/src/Autonomous_Tangram_Solver/build/tangram_detection': AMENT_PREFIX_PATH=/home/jingkun/Documents/Final_Project/src/Autonomous_Tangram_Solver/install/tangram_msgs:${AMENT_PREFIX_PATH} CMAKE_PREFIX_PATH=/home/jingkun/Documents/Final_Project/src/Autonomous_Tangram_Solver/install/tangram_msgs:/home/jingkun/ws/ros_ws/iron/franka/install:/home/jingkun/ws/ros_ws/iron/interbotix/install/interbotix_ros_xsarms_examples:/home/jingkun/ws/ros_ws/iron/interbotix/install/interbotix_xsarm_moveit_interface:/home/jingkun/ws/ros_ws/iron/interbotix/install/interbotix_ros_xsarms:/home/jingkun/ws/ros_ws/iron/interbotix/install/interbotix_xsarm_moveit:/home/jingkun/ws/ros_ws/iron/interbotix/install/interbotix_xsarm_sim:/home/jingkun/ws/ros_ws/iron/interbotix/install/interbotix_xsarm_ros_control:/home/jingkun/ws/ros_ws/iron/interbotix/install/interbotix_xsarm_joy:/home/jingkun/ws/ros_ws/iron/interbotix/install/interbotix_xsarm_control:/home/jingkun/ws/ros_ws/iron/interbotix/install/interbotix_xsarm_descriptions:/home/jingkun/ws/ros_ws/iron/interbotix/install/interbotix_xs_toolbox:/home/jingkun/ws/ros_ws/iron/interbotix/install/interbotix_xs_rviz:/home/jingkun/ws/ros_ws/iron/interbotix/install/interbotix_ros_xseries:/home/jingkun/ws/ros_ws/iron/interbotix/install/interbotix_xs_sdk:/home/jingkun/ws/ros_ws/iron/interbotix/install/interbotix_xs_ros_control:/home/jingkun/ws/ros_ws/iron/interbotix/install/interbotix_xs_msgs:/home/jingkun/ws/ros_ws/iron/interbotix/install/interbotix_xs_driver:/home/jingkun/ws/ros_ws/iron/interbotix/install/interbotix_tf_tools:/home/jingkun/ws/ros_ws/iron/interbotix/install/interbotix_common_toolbox:/home/jingkun/ws/ros_ws/iron/interbotix/install/interbotix_common_sim:/home/jingkun/ws/ros_ws/iron/turtlebot3/install/turtlebot3:/home/jingkun/ws/ros_ws/iron/turtlebot3/install/turtlebot3_bringup:/home/jingkun/ws/ros_ws/iron/turtlebot3/install/turtlebot3_node:/home/jingkun/ws/ros_ws/iron/turtlebot3/install/turtlebot3_navigation2:/home/jingkun/ws/ros_ws/iron/turtlebot3/install/turtlebot3_msgs:/home/jingkun/ws/ros_ws/iron/turtlebot3/install/turtlebot3_description:/home/jingkun/ws/ros_ws/iron/turtlebot3/install/turtlebot3_cartographer:/home/jingkun/ws/ros_ws/iron/interbotix/install/interbotix_xs_modules:/home/jingkun/ws/ros_ws/iron/interbotix/install/interbotix_common_modules:/home/jingkun/ws/ros_ws/iron/turtlebot3/install/turtlebot3_teleop:/home/jingkun/ws/ros_ws/iron/turtlebot3/install/turtlebot3_example:/opt/ros/iron LD_LIBRARY_PATH=/home/jingkun/Documents/Final_Project/src/Autonomous_Tangram_Solver/install/tangram_msgs/lib:${LD_LIBRARY_PATH} PYTHONPATH=/home/jingkun/Documents/Final_Project/src/Autonomous_Tangram_Solver/install/tangram_msgs/lib/python3.10/site-packages:${PYTHONPATH} /usr/bin/cmake /home/jingkun/Documents/Final_Project/src/Autonomous_Tangram_Solver/tangram_detection -DAMENT_CMAKE_SYMLINK_INSTALL=1 -DCMAKE_INSTALL_PREFIX=/home/jingkun/Documents/Final_Project/src/Autonomous_Tangram_Solver/install/tangram_detection[0m
[12.536s] [34mcolcon.colcon_core.event_handler.log_command[0m [1;30mDEBUG[0m [32mInvoked command in '/home/jingkun/Documents/Final_Project/src/Autonomous_Tangram_Solver/build/tangram_detection' returned '0': AMENT_PREFIX_PATH=/home/jingkun/Documents/Final_Project/src/Autonomous_Tangram_Solver/install/tangram_msgs:${AMENT_PREFIX_PATH} CMAKE_PREFIX_PATH=/home/jingkun/Documents/Final_Project/src/Autonomous_Tangram_Solver/install/tangram_msgs:/home/jingkun/ws/ros_ws/iron/franka/install:/home/jingkun/ws/ros_ws/iron/interbotix/install/interbotix_ros_xsarms_examples:/home/jingkun/ws/ros_ws/iron/interbotix/install/interbotix_xsarm_moveit_interface:/home/jingkun/ws/ros_ws/iron/interbotix/install/interbotix_ros_xsarms:/home/jingkun/ws/ros_ws/iron/interbotix/install/interbotix_xsarm_moveit:/home/jingkun/ws/ros_ws/iron/interbotix/install/interbotix_xsarm_sim:/home/jingkun/ws/ros_ws/iron/interbotix/install/interbotix_xsarm_ros_control:/home/jingkun/ws/ros_ws/iron/interbotix/install/interbotix_xsarm_joy:/home/jingkun/ws/ros_ws/iron/interbotix/install/interbotix_xsarm_control:/home/jingkun/ws/ros_ws/iron/interbotix/install/interbotix_xsarm_descriptions:/home/jingkun/ws/ros_ws/iron/interbotix/install/interbotix_xs_toolbox:/home/jingkun/ws/ros_ws/iron/interbotix/install/interbotix_xs_rviz:/home/jingkun/ws/ros_ws/iron/interbotix/install/interbotix_ros_xseries:/home/jingkun/ws/ros_ws/iron/interbotix/install/interbotix_xs_sdk:/home/jingkun/ws/ros_ws/iron/interbotix/install/interbotix_xs_ros_control:/home/jingkun/ws/ros_ws/iron/interbotix/install/interbotix_xs_msgs:/home/jingkun/ws/ros_ws/iron/interbotix/install/interbotix_xs_driver:/home/jingkun/ws/ros_ws/iron/interbotix/install/interbotix_tf_tools:/home/jingkun/ws/ros_ws/iron/interbotix/install/interbotix_common_toolbox:/home/jingkun/ws/ros_ws/iron/interbotix/install/interbotix_common_sim:/home/jingkun/ws/ros_ws/iron/turtlebot3/install/turtlebot3:/home/jingkun/ws/ros_ws/iron/turtlebot3/install/turtlebot3_bringup:/home/jingkun/ws/ros_ws/iron/turtlebot3/install/turtlebot3_node:/home/jingkun/ws/ros_ws/iron/turtlebot3/install/turtlebot3_navigation2:/home/jingkun/ws/ros_ws/iron/turtlebot3/install/turtlebot3_msgs:/home/jingkun/ws/ros_ws/iron/turtlebot3/install/turtlebot3_description:/home/jingkun/ws/ros_ws/iron/turtlebot3/install/turtlebot3_cartographer:/home/jingkun/ws/ros_ws/iron/interbotix/install/interbotix_xs_modules:/home/jingkun/ws/ros_ws/iron/interbotix/install/interbotix_common_modules:/home/jingkun/ws/ros_ws/iron/turtlebot3/install/turtlebot3_teleop:/home/jingkun/ws/ros_ws/iron/turtlebot3/install/turtlebot3_example:/opt/ros/iron LD_LIBRARY_PATH=/home/jingkun/Documents/Final_Project/src/Autonomous_Tangram_Solver/install/tangram_msgs/lib:${LD_LIBRARY_PATH} PYTHONPATH=/home/jingkun/Documents/Final_Project/src/Autonomous_Tangram_Solver/install/tangram_msgs/lib/python3.10/site-packages:${PYTHONPATH} /usr/bin/cmake /home/jingkun/Documents/Final_Project/src/Autonomous_Tangram_Solver/tangram_detection -DAMENT_CMAKE_SYMLINK_INSTALL=1 -DCMAKE_INSTALL_PREFIX=/home/jingkun/Documents/Final_Project/src/Autonomous_Tangram_Solver/install/tangram_detection[0m
[12.539s] [34mcolcon.colcon_core.event_handler.log_command[0m [1;30mDEBUG[0m [32mInvoking command in '/home/jingkun/Documents/Final_Project/src/Autonomous_Tangram_Solver/build/tangram_detection': AMENT_PREFIX_PATH=/home/jingkun/Documents/Final_Project/src/Autonomous_Tangram_Solver/install/tangram_msgs:${AMENT_PREFIX_PATH} CMAKE_PREFIX_PATH=/home/jingkun/Documents/Final_Project/src/Autonomous_Tangram_Solver/install/tangram_msgs:/home/jingkun/ws/ros_ws/iron/franka/install:/home/jingkun/ws/ros_ws/iron/interbotix/install/interbotix_ros_xsarms_examples:/home/jingkun/ws/ros_ws/iron/interbotix/install/interbotix_xsarm_moveit_interface:/home/jingkun/ws/ros_ws/iron/interbotix/install/interbotix_ros_xsarms:/home/jingkun/ws/ros_ws/iron/interbotix/install/interbotix_xsarm_moveit:/home/jingkun/ws/ros_ws/iron/interbotix/install/interbotix_xsarm_sim:/home/jingkun/ws/ros_ws/iron/interbotix/install/interbotix_xsarm_ros_control:/home/jingkun/ws/ros_ws/iron/interbotix/install/interbotix_xsarm_joy:/home/jingkun/ws/ros_ws/iron/interbotix/install/interbotix_xsarm_control:/home/jingkun/ws/ros_ws/iron/interbotix/install/interbotix_xsarm_descriptions:/home/jingkun/ws/ros_ws/iron/interbotix/install/interbotix_xs_toolbox:/home/jingkun/ws/ros_ws/iron/interbotix/install/interbotix_xs_rviz:/home/jingkun/ws/ros_ws/iron/interbotix/install/interbotix_ros_xseries:/home/jingkun/ws/ros_ws/iron/interbotix/install/interbotix_xs_sdk:/home/jingkun/ws/ros_ws/iron/interbotix/install/interbotix_xs_ros_control:/home/jingkun/ws/ros_ws/iron/interbotix/install/interbotix_xs_msgs:/home/jingkun/ws/ros_ws/iron/interbotix/install/interbotix_xs_driver:/home/jingkun/ws/ros_ws/iron/interbotix/install/interbotix_tf_tools:/home/jingkun/ws/ros_ws/iron/interbotix/install/interbotix_common_toolbox:/home/jingkun/ws/ros_ws/iron/interbotix/install/interbotix_common_sim:/home/jingkun/ws/ros_ws/iron/turtlebot3/install/turtlebot3:/home/jingkun/ws/ros_ws/iron/turtlebot3/install/turtlebot3_bringup:/home/jingkun/ws/ros_ws/iron/turtlebot3/install/turtlebot3_node:/home/jingkun/ws/ros_ws/iron/turtlebot3/install/turtlebot3_navigation2:/home/jingkun/ws/ros_ws/iron/turtlebot3/install/turtlebot3_msgs:/home/jingkun/ws/ros_ws/iron/turtlebot3/install/turtlebot3_description:/home/jingkun/ws/ros_ws/iron/turtlebot3/install/turtlebot3_cartographer:/home/jingkun/ws/ros_ws/iron/interbotix/install/interbotix_xs_modules:/home/jingkun/ws/ros_ws/iron/interbotix/install/interbotix_common_modules:/home/jingkun/ws/ros_ws/iron/turtlebot3/install/turtlebot3_teleop:/home/jingkun/ws/ros_ws/iron/turtlebot3/install/turtlebot3_example:/opt/ros/iron LD_LIBRARY_PATH=/home/jingkun/Documents/Final_Project/src/Autonomous_Tangram_Solver/install/tangram_msgs/lib:${LD_LIBRARY_PATH} PYTHONPATH=/home/jingkun/Documents/Final_Project/src/Autonomous_Tangram_Solver/install/tangram_msgs/lib/python3.10/site-packages:${PYTHONPATH} /usr/bin/cmake --build /home/jingkun/Documents/Final_Project/src/Autonomous_Tangram_Solver/build/tangram_detection -- -j32 -l32[0m
[19.664s] [34mcolcon.colcon_core.event_handler.log_command[0m [1;30mDEBUG[0m [32mInvoked command in '/home/jingkun/Documents/Final_Project/src/Autonomous_Tangram_Solver/build/tangram_detection' returned '0': AMENT_PREFIX_PATH=/home/jingkun/Documents/Final_Project/src/Autonomous_Tangram_Solver/install/tangram_msgs:${AMENT_PREFIX_PATH} CMAKE_PREFIX_PATH=/home/jingkun/Documents/Final_Project/src/Autonomous_Tangram_Solver/install/tangram_msgs:/home/jingkun/ws/ros_ws/iron/franka/install:/home/jingkun/ws/ros_ws/iron/interbotix/install/interbotix_ros_xsarms_examples:/home/jingkun/ws/ros_ws/iron/interbotix/install/interbotix_xsarm_moveit_interface:/home/jingkun/ws/ros_ws/iron/interbotix/install/interbotix_ros_xsarms:/home/jingkun/ws/ros_ws/iron/interbotix/install/interbotix_xsarm_moveit:/home/jingkun/ws/ros_ws/iron/interbotix/install/interbotix_xsarm_sim:/home/jingkun/ws/ros_ws/iron/interbotix/install/interbotix_xsarm_ros_control:/home/jingkun/ws/ros_ws/iron/interbotix/install/interbotix_xsarm_joy:/home/jingkun/ws/ros_ws/iron/interbotix/install/interbotix_xsarm_control:/home/jingkun/ws/ros_ws/iron/interbotix/install/interbotix_xsarm_descriptions:/home/jingkun/ws/ros_ws/iron/interbotix/install/interbotix_xs_toolbox:/home/jingkun/ws/ros_ws/iron/interbotix/install/interbotix_xs_rviz:/home/jingkun/ws/ros_ws/iron/interbotix/install/interbotix_ros_xseries:/home/jingkun/ws/ros_ws/iron/interbotix/install/interbotix_xs_sdk:/home/jingkun/ws/ros_ws/iron/interbotix/install/interbotix_xs_ros_control:/home/jingkun/ws/ros_ws/iron/interbotix/install/interbotix_xs_msgs:/home/jingkun/ws/ros_ws/iron/interbotix/install/interbotix_xs_driver:/home/jingkun/ws/ros_ws/iron/interbotix/install/interbotix_tf_tools:/home/jingkun/ws/ros_ws/iron/interbotix/install/interbotix_common_toolbox:/home/jingkun/ws/ros_ws/iron/interbotix/install/interbotix_common_sim:/home/jingkun/ws/ros_ws/iron/turtlebot3/install/turtlebot3:/home/jingkun/ws/ros_ws/iron/turtlebot3/install/turtlebot3_bringup:/home/jingkun/ws/ros_ws/iron/turtlebot3/install/turtlebot3_node:/home/jingkun/ws/ros_ws/iron/turtlebot3/install/turtlebot3_navigation2:/home/jingkun/ws/ros_ws/iron/turtlebot3/install/turtlebot3_msgs:/home/jingkun/ws/ros_ws/iron/turtlebot3/install/turtlebot3_description:/home/jingkun/ws/ros_ws/iron/turtlebot3/install/turtlebot3_cartographer:/home/jingkun/ws/ros_ws/iron/interbotix/install/interbotix_xs_modules:/home/jingkun/ws/ros_ws/iron/interbotix/install/interbotix_common_modules:/home/jingkun/ws/ros_ws/iron/turtlebot3/install/turtlebot3_teleop:/home/jingkun/ws/ros_ws/iron/turtlebot3/install/turtlebot3_example:/opt/ros/iron LD_LIBRARY_PATH=/home/jingkun/Documents/Final_Project/src/Autonomous_Tangram_Solver/install/tangram_msgs/lib:${LD_LIBRARY_PATH} PYTHONPATH=/home/jingkun/Documents/Final_Project/src/Autonomous_Tangram_Solver/install/tangram_msgs/lib/python3.10/site-packages:${PYTHONPATH} /usr/bin/cmake --build /home/jingkun/Documents/Final_Project/src/Autonomous_Tangram_Solver/build/tangram_detection -- -j32 -l32[0m
[19.714s] [34mcolcon.colcon_core.event_handler.log_command[0m [1;30mDEBUG[0m [32mInvoking command in '/home/jingkun/Documents/Final_Project/src/Autonomous_Tangram_Solver/build/tangram_detection': AMENT_PREFIX_PATH=/home/jingkun/Documents/Final_Project/src/Autonomous_Tangram_Solver/install/tangram_msgs:${AMENT_PREFIX_PATH} CMAKE_PREFIX_PATH=/home/jingkun/Documents/Final_Project/src/Autonomous_Tangram_Solver/install/tangram_msgs:/home/jingkun/ws/ros_ws/iron/franka/install:/home/jingkun/ws/ros_ws/iron/interbotix/install/interbotix_ros_xsarms_examples:/home/jingkun/ws/ros_ws/iron/interbotix/install/interbotix_xsarm_moveit_interface:/home/jingkun/ws/ros_ws/iron/interbotix/install/interbotix_ros_xsarms:/home/jingkun/ws/ros_ws/iron/interbotix/install/interbotix_xsarm_moveit:/home/jingkun/ws/ros_ws/iron/interbotix/install/interbotix_xsarm_sim:/home/jingkun/ws/ros_ws/iron/interbotix/install/interbotix_xsarm_ros_control:/home/jingkun/ws/ros_ws/iron/interbotix/install/interbotix_xsarm_joy:/home/jingkun/ws/ros_ws/iron/interbotix/install/interbotix_xsarm_control:/home/jingkun/ws/ros_ws/iron/interbotix/install/interbotix_xsarm_descriptions:/home/jingkun/ws/ros_ws/iron/interbotix/install/interbotix_xs_toolbox:/home/jingkun/ws/ros_ws/iron/interbotix/install/interbotix_xs_rviz:/home/jingkun/ws/ros_ws/iron/interbotix/install/interbotix_ros_xseries:/home/jingkun/ws/ros_ws/iron/interbotix/install/interbotix_xs_sdk:/home/jingkun/ws/ros_ws/iron/interbotix/install/interbotix_xs_ros_control:/home/jingkun/ws/ros_ws/iron/interbotix/install/interbotix_xs_msgs:/home/jingkun/ws/ros_ws/iron/interbotix/install/interbotix_xs_driver:/home/jingkun/ws/ros_ws/iron/interbotix/install/interbotix_tf_tools:/home/jingkun/ws/ros_ws/iron/interbotix/install/interbotix_common_toolbox:/home/jingkun/ws/ros_ws/iron/interbotix/install/interbotix_common_sim:/home/jingkun/ws/ros_ws/iron/turtlebot3/install/turtlebot3:/home/jingkun/ws/ros_ws/iron/turtlebot3/install/turtlebot3_bringup:/home/jingkun/ws/ros_ws/iron/turtlebot3/install/turtlebot3_node:/home/jingkun/ws/ros_ws/iron/turtlebot3/install/turtlebot3_navigation2:/home/jingkun/ws/ros_ws/iron/turtlebot3/install/turtlebot3_msgs:/home/jingkun/ws/ros_ws/iron/turtlebot3/install/turtlebot3_description:/home/jingkun/ws/ros_ws/iron/turtlebot3/install/turtlebot3_cartographer:/home/jingkun/ws/ros_ws/iron/interbotix/install/interbotix_xs_modules:/home/jingkun/ws/ros_ws/iron/interbotix/install/interbotix_common_modules:/home/jingkun/ws/ros_ws/iron/turtlebot3/install/turtlebot3_teleop:/home/jingkun/ws/ros_ws/iron/turtlebot3/install/turtlebot3_example:/opt/ros/iron LD_LIBRARY_PATH=/home/jingkun/Documents/Final_Project/src/Autonomous_Tangram_Solver/install/tangram_msgs/lib:${LD_LIBRARY_PATH} PYTHONPATH=/home/jingkun/Documents/Final_Project/src/Autonomous_Tangram_Solver/install/tangram_msgs/lib/python3.10/site-packages:${PYTHONPATH} /usr/bin/cmake --install /home/jingkun/Documents/Final_Project/src/Autonomous_Tangram_Solver/build/tangram_detection[0m
[19.967s] [34mcolcon.colcon_core.environment[0m [1;30mLevel 1[0m create_environment_scripts_only(tangram_detection)
[19.968s] [34mcolcon.colcon_core.environment[0m [1;30mLevel 1[0m checking '/home/jingkun/Documents/Final_Project/src/Autonomous_Tangram_Solver/install/tangram_detection' for CMake module files
[19.969s] [34mcolcon.colcon_core.event_handler.log_command[0m [1;30mDEBUG[0m [32mInvoked command in '/home/jingkun/Documents/Final_Project/src/Autonomous_Tangram_Solver/build/tangram_detection' returned '0': AMENT_PREFIX_PATH=/home/jingkun/Documents/Final_Project/src/Autonomous_Tangram_Solver/install/tangram_msgs:${AMENT_PREFIX_PATH} CMAKE_PREFIX_PATH=/home/jingkun/Documents/Final_Project/src/Autonomous_Tangram_Solver/install/tangram_msgs:/home/jingkun/ws/ros_ws/iron/franka/install:/home/jingkun/ws/ros_ws/iron/interbotix/install/interbotix_ros_xsarms_examples:/home/jingkun/ws/ros_ws/iron/interbotix/install/interbotix_xsarm_moveit_interface:/home/jingkun/ws/ros_ws/iron/interbotix/install/interbotix_ros_xsarms:/home/jingkun/ws/ros_ws/iron/interbotix/install/interbotix_xsarm_moveit:/home/jingkun/ws/ros_ws/iron/interbotix/install/interbotix_xsarm_sim:/home/jingkun/ws/ros_ws/iron/interbotix/install/interbotix_xsarm_ros_control:/home/jingkun/ws/ros_ws/iron/interbotix/install/interbotix_xsarm_joy:/home/jingkun/ws/ros_ws/iron/interbotix/install/interbotix_xsarm_control:/home/jingkun/ws/ros_ws/iron/interbotix/install/interbotix_xsarm_descriptions:/home/jingkun/ws/ros_ws/iron/interbotix/install/interbotix_xs_toolbox:/home/jingkun/ws/ros_ws/iron/interbotix/install/interbotix_xs_rviz:/home/jingkun/ws/ros_ws/iron/interbotix/install/interbotix_ros_xseries:/home/jingkun/ws/ros_ws/iron/interbotix/install/interbotix_xs_sdk:/home/jingkun/ws/ros_ws/iron/interbotix/install/interbotix_xs_ros_control:/home/jingkun/ws/ros_ws/iron/interbotix/install/interbotix_xs_msgs:/home/jingkun/ws/ros_ws/iron/interbotix/install/interbotix_xs_driver:/home/jingkun/ws/ros_ws/iron/interbotix/install/interbotix_tf_tools:/home/jingkun/ws/ros_ws/iron/interbotix/install/interbotix_common_toolbox:/home/jingkun/ws/ros_ws/iron/interbotix/install/interbotix_common_sim:/home/jingkun/ws/ros_ws/iron/turtlebot3/install/turtlebot3:/home/jingkun/ws/ros_ws/iron/turtlebot3/install/turtlebot3_bringup:/home/jingkun/ws/ros_ws/iron/turtlebot3/install/turtlebot3_node:/home/jingkun/ws/ros_ws/iron/turtlebot3/install/turtlebot3_navigation2:/home/jingkun/ws/ros_ws/iron/turtlebot3/install/turtlebot3_msgs:/home/jingkun/ws/ros_ws/iron/turtlebot3/install/turtlebot3_description:/home/jingkun/ws/ros_ws/iron/turtlebot3/install/turtlebot3_cartographer:/home/jingkun/ws/ros_ws/iron/interbotix/install/interbotix_xs_modules:/home/jingkun/ws/ros_ws/iron/interbotix/install/interbotix_common_modules:/home/jingkun/ws/ros_ws/iron/turtlebot3/install/turtlebot3_teleop:/home/jingkun/ws/ros_ws/iron/turtlebot3/install/turtlebot3_example:/opt/ros/iron LD_LIBRARY_PATH=/home/jingkun/Documents/Final_Project/src/Autonomous_Tangram_Solver/install/tangram_msgs/lib:${LD_LIBRARY_PATH} PYTHONPATH=/home/jingkun/Documents/Final_Project/src/Autonomous_Tangram_Solver/install/tangram_msgs/lib/python3.10/site-packages:${PYTHONPATH} /usr/bin/cmake --install /home/jingkun/Documents/Final_Project/src/Autonomous_Tangram_Solver/build/tangram_detection[0m
[19.970s] [34mcolcon.colcon_core.environment[0m [1;30mLevel 1[0m checking '/home/jingkun/Documents/Final_Project/src/Autonomous_Tangram_Solver/install/tangram_detection' for CMake config files
[19.970s] [34mcolcon.colcon_core.shell[0m [1;30mLevel 1[0m create_environment_hook('tangram_detection', 'cmake_prefix_path')
[19.971s] [34mcolcon.colcon_core.shell[0m [1;30mINFO[0m Creating environment hook '/home/jingkun/Documents/Final_Project/src/Autonomous_Tangram_Solver/install/tangram_detection/share/tangram_detection/hook/cmake_prefix_path.ps1'
[19.971s] [34mcolcon.colcon_core.shell[0m [1;30mINFO[0m Creating environment descriptor '/home/jingkun/Documents/Final_Project/src/Autonomous_Tangram_Solver/install/tangram_detection/share/tangram_detection/hook/cmake_prefix_path.dsv'
[19.972s] [34mcolcon.colcon_core.shell[0m [1;30mINFO[0m Creating environment hook '/home/jingkun/Documents/Final_Project/src/Autonomous_Tangram_Solver/install/tangram_detection/share/tangram_detection/hook/cmake_prefix_path.sh'
[19.973s] [34mcolcon.colcon_core.environment[0m [1;30mLevel 1[0m checking '/home/jingkun/Documents/Final_Project/src/Autonomous_Tangram_Solver/install/tangram_detection/lib'
[19.973s] [34mcolcon.colcon_core.environment[0m [1;30mLevel 1[0m checking '/home/jingkun/Documents/Final_Project/src/Autonomous_Tangram_Solver/install/tangram_detection/bin'
[19.973s] [34mcolcon.colcon_core.environment[0m [1;30mLevel 1[0m checking '/home/jingkun/Documents/Final_Project/src/Autonomous_Tangram_Solver/install/tangram_detection/lib/pkgconfig/tangram_detection.pc'
[19.974s] [34mcolcon.colcon_core.environment[0m [1;30mLevel 1[0m checking '/home/jingkun/Documents/Final_Project/src/Autonomous_Tangram_Solver/install/tangram_detection/lib/python3.10/site-packages'
[19.974s] [34mcolcon.colcon_core.environment[0m [1;30mLevel 1[0m checking '/home/jingkun/Documents/Final_Project/src/Autonomous_Tangram_Solver/install/tangram_detection/bin'
[19.975s] [34mcolcon.colcon_core.shell[0m [1;30mINFO[0m Creating package script '/home/jingkun/Documents/Final_Project/src/Autonomous_Tangram_Solver/install/tangram_detection/share/tangram_detection/package.ps1'
[19.975s] [34mcolcon.colcon_core.shell[0m [1;30mINFO[0m Creating package descriptor '/home/jingkun/Documents/Final_Project/src/Autonomous_Tangram_Solver/install/tangram_detection/share/tangram_detection/package.dsv'
[19.976s] [34mcolcon.colcon_core.shell[0m [1;30mINFO[0m Creating package script '/home/jingkun/Documents/Final_Project/src/Autonomous_Tangram_Solver/install/tangram_detection/share/tangram_detection/package.sh'
[19.976s] [34mcolcon.colcon_core.shell[0m [1;30mINFO[0m Creating package script '/home/jingkun/Documents/Final_Project/src/Autonomous_Tangram_Solver/install/tangram_detection/share/tangram_detection/package.bash'
[19.977s] [34mcolcon.colcon_core.shell[0m [1;30mINFO[0m Creating package script '/home/jingkun/Documents/Final_Project/src/Autonomous_Tangram_Solver/install/tangram_detection/share/tangram_detection/package.zsh'
[19.977s] [34mcolcon.colcon_core.environment[0m [1;30mLevel 1[0m create_file_with_runtime_dependencies(/home/jingkun/Documents/Final_Project/src/Autonomous_Tangram_Solver/install/tangram_detection/share/colcon-core/packages/tangram_detection)
[20.024s] [34mcolcon.colcon_core.environment[0m [1;30mLevel 1[0m create_environment_scripts_only(tangram_detection)
[20.025s] [34mcolcon.colcon_core.environment[0m [1;30mLevel 1[0m checking '/home/jingkun/Documents/Final_Project/src/Autonomous_Tangram_Solver/install/tangram_detection' for CMake module files
[20.026s] [34mcolcon.colcon_core.environment[0m [1;30mLevel 1[0m checking '/home/jingkun/Documents/Final_Project/src/Autonomous_Tangram_Solver/install/tangram_detection' for CMake config files
[20.026s] [34mcolcon.colcon_core.shell[0m [1;30mLevel 1[0m create_environment_hook('tangram_detection', 'cmake_prefix_path')
[20.027s] [34mcolcon.colcon_core.shell[0m [1;30mINFO[0m Creating environment hook '/home/jingkun/Documents/Final_Project/src/Autonomous_Tangram_Solver/install/tangram_detection/share/tangram_detection/hook/cmake_prefix_path.ps1'
[20.028s] [34mcolcon.colcon_core.shell[0m [1;30mINFO[0m Creating environment descriptor '/home/jingkun/Documents/Final_Project/src/Autonomous_Tangram_Solver/install/tangram_detection/share/tangram_detection/hook/cmake_prefix_path.dsv'
[20.029s] [34mcolcon.colcon_core.shell[0m [1;30mINFO[0m Creating environment hook '/home/jingkun/Documents/Final_Project/src/Autonomous_Tangram_Solver/install/tangram_detection/share/tangram_detection/hook/cmake_prefix_path.sh'
[20.030s] [34mcolcon.colcon_core.environment[0m [1;30mLevel 1[0m checking '/home/jingkun/Documents/Final_Project/src/Autonomous_Tangram_Solver/install/tangram_detection/lib'
[20.030s] [34mcolcon.colcon_core.environment[0m [1;30mLevel 1[0m checking '/home/jingkun/Documents/Final_Project/src/Autonomous_Tangram_Solver/install/tangram_detection/bin'
[20.031s] [34mcolcon.colcon_core.environment[0m [1;30mLevel 1[0m checking '/home/jingkun/Documents/Final_Project/src/Autonomous_Tangram_Solver/install/tangram_detection/lib/pkgconfig/tangram_detection.pc'
[20.031s] [34mcolcon.colcon_core.environment[0m [1;30mLevel 1[0m checking '/home/jingkun/Documents/Final_Project/src/Autonomous_Tangram_Solver/install/tangram_detection/lib/python3.10/site-packages'
[20.032s] [34mcolcon.colcon_core.environment[0m [1;30mLevel 1[0m checking '/home/jingkun/Documents/Final_Project/src/Autonomous_Tangram_Solver/install/tangram_detection/bin'
[20.032s] [34mcolcon.colcon_core.shell[0m [1;30mINFO[0m Creating package script '/home/jingkun/Documents/Final_Project/src/Autonomous_Tangram_Solver/install/tangram_detection/share/tangram_detection/package.ps1'
[20.033s] [34mcolcon.colcon_core.shell[0m [1;30mINFO[0m Creating package descriptor '/home/jingkun/Documents/Final_Project/src/Autonomous_Tangram_Solver/install/tangram_detection/share/tangram_detection/package.dsv'
[20.034s] [34mcolcon.colcon_core.shell[0m [1;30mINFO[0m Creating package script '/home/jingkun/Documents/Final_Project/src/Autonomous_Tangram_Solver/install/tangram_detection/share/tangram_detection/package.sh'
[20.035s] [34mcolcon.colcon_core.shell[0m [1;30mINFO[0m Creating package script '/home/jingkun/Documents/Final_Project/src/Autonomous_Tangram_Solver/install/tangram_detection/share/tangram_detection/package.bash'
[20.035s] [34mcolcon.colcon_core.shell[0m [1;30mINFO[0m Creating package script '/home/jingkun/Documents/Final_Project/src/Autonomous_Tangram_Solver/install/tangram_detection/share/tangram_detection/package.zsh'
[20.036s] [34mcolcon.colcon_core.environment[0m [1;30mLevel 1[0m create_file_with_runtime_dependencies(/home/jingkun/Documents/Final_Project/src/Autonomous_Tangram_Solver/install/tangram_detection/share/colcon-core/packages/tangram_detection)
[20.037s] [34mcolcon.colcon_parallel_executor.executor.parallel[0m [1;30mDEBUG[0m [32mclosing loop[0m
[20.037s] [34mcolcon.colcon_parallel_executor.executor.parallel[0m [1;30mDEBUG[0m [32mloop closed[0m
[20.037s] [34mcolcon.colcon_parallel_executor.executor.parallel[0m [1;30mDEBUG[0m [32mrun_until_complete finished with '0'[0m
[20.037s] [34mcolcon.colcon_core.event_reactor[0m [1;30mDEBUG[0m [32mjoining thread[0m
[20.046s] [34mcolcon.colcon_core.plugin_system[0m [1;30mINFO[0m Skipping extension 'colcon_notification.desktop_notification.terminal_notifier': Not used on non-Darwin systems
[20.046s] [34mcolcon.colcon_core.plugin_system[0m [1;30mINFO[0m Skipping extension 'colcon_notification.desktop_notification.win32': Not used on non-Windows systems
[20.046s] [34mcolcon.colcon_notification.desktop_notification[0m [1;30mINFO[0m Sending desktop notification using 'notify2'
[20.072s] [34mcolcon.colcon_core.event_reactor[0m [1;30mDEBUG[0m [32mjoined thread[0m
[20.073s] [34mcolcon.colcon_core.shell[0m [1;30mINFO[0m Creating prefix script '/home/jingkun/Documents/Final_Project/src/Autonomous_Tangram_Solver/install/local_setup.ps1'
[20.075s] [34mcolcon.colcon_core.shell[0m [1;30mINFO[0m Creating prefix util module '/home/jingkun/Documents/Final_Project/src/Autonomous_Tangram_Solver/install/_local_setup_util_ps1.py'
[20.077s] [34mcolcon.colcon_core.shell[0m [1;30mINFO[0m Creating prefix chain script '/home/jingkun/Documents/Final_Project/src/Autonomous_Tangram_Solver/install/setup.ps1'
[20.082s] [34mcolcon.colcon_core.shell[0m [1;30mINFO[0m Creating prefix script '/home/jingkun/Documents/Final_Project/src/Autonomous_Tangram_Solver/install/local_setup.sh'
[20.083s] [34mcolcon.colcon_core.shell[0m [1;30mINFO[0m Creating prefix util module '/home/jingkun/Documents/Final_Project/src/Autonomous_Tangram_Solver/install/_local_setup_util_sh.py'
[20.084s] [34mcolcon.colcon_core.shell[0m [1;30mINFO[0m Creating prefix chain script '/home/jingkun/Documents/Final_Project/src/Autonomous_Tangram_Solver/install/setup.sh'
[20.088s] [34mcolcon.colcon_core.shell[0m [1;30mINFO[0m Creating prefix script '/home/jingkun/Documents/Final_Project/src/Autonomous_Tangram_Solver/install/local_setup.bash'
[20.089s] [34mcolcon.colcon_core.shell[0m [1;30mINFO[0m Creating prefix chain script '/home/jingkun/Documents/Final_Project/src/Autonomous_Tangram_Solver/install/setup.bash'
[20.091s] [34mcolcon.colcon_core.shell[0m [1;30mINFO[0m Creating prefix script '/home/jingkun/Documents/Final_Project/src/Autonomous_Tangram_Solver/install/local_setup.zsh'
[20.092s] [34mcolcon.colcon_core.shell[0m [1;30mINFO[0m Creating prefix chain script '/home/jingkun/Documents/Final_Project/src/Autonomous_Tangram_Solver/install/setup.zsh'
