-- The C compiler identification is GNU 11.4.0
-- The CXX compiler identification is GNU 11.4.0
-- Detecting C compiler ABI info
-- Detecting C compiler ABI info - done
-- Check for working C compiler: /usr/bin/cc - skipped
-- Detecting C compile features
-- Detecting C compile features - done
-- Detecting CXX compiler ABI info
-- Detecting CXX compiler ABI info - done
-- Check for working CXX compiler: /usr/bin/c++ - skipped
-- Detecting CXX compile features
-- Detecting CXX compile features - done
-- Found ament_cmake: 2.0.6 (/opt/ros/iron/share/ament_cmake/cmake)
-- Found Python3: /usr/bin/python3.10 (found version "3.10.12") found components: Interpreter 
-- Override CMake install command with custom implementation using symlinks instead of copying resources
-- Found rosidl_default_generators: 1.5.0 (/opt/ros/iron/share/rosidl_default_generators/cmake)
-- Using all available rosidl_typesupport_c: rosidl_typesupport_fastrtps_c;rosidl_typesupport_introspection_c
-- Using all available rosidl_typesupport_cpp: rosidl_typesupport_fastrtps_cpp;rosidl_typesupport_introspection_cpp
-- Found rosidl_adapter: 4.0.1 (/opt/ros/iron/share/rosidl_adapter/cmake)
-- Found std_msgs: 5.0.1 (/opt/ros/iron/share/std_msgs/cmake)
-- Found geometry_msgs: 5.0.1 (/opt/ros/iron/share/geometry_msgs/cmake)
-- Found ament_cmake_ros: 0.11.2 (/opt/ros/iron/share/ament_cmake_ros/cmake)
-- Using all available rosidl_typesupport_c: rosidl_typesupport_fastrtps_c;rosidl_typesupport_introspection_c
-- Using all available rosidl_typesupport_cpp: rosidl_typesupport_fastrtps_cpp;rosidl_typesupport_introspection_cpp
-- Found PythonInterp: /usr/bin/python3 (found suitable version "3.10.12", minimum required is "3.6") 
-- Found python_cmake_module: 0.10.2 (/opt/ros/iron/share/python_cmake_module/cmake)
-- Found PythonLibs: /usr/lib/x86_64-linux-gnu/libpython3.10.so (found suitable version "3.10.12", minimum required is "3.5") 
-- Using PYTHON_EXECUTABLE: /usr/bin/python3
-- Using PYTHON_INCLUDE_DIRS: /usr/include/python3.10
-- Using PYTHON_LIBRARIES: /usr/lib/x86_64-linux-gnu/libpython3.10.so
-- Found PythonExtra: .so  
-- Found ament_lint_auto: 0.14.4 (/opt/ros/iron/share/ament_lint_auto/cmake)
-- Added test 'lint_cmake' to check CMake code style
-- Added test 'xmllint' to check XML markup files
-- Configuring done
-- Generating done
-- Build files have been written to: /home/jingkun/Documents/Final_Project/src/Autonomous_Tangram_Solver/build/tangram_msgs
[  2%] [34m[1mGenerating type hashes for ROS interfaces[0m
[  2%] Built target ament_cmake_python_symlink_tangram_msgs
[  2%] Built target tangram_msgs__rosidl_generator_type_description
[  4%] [34m[1mGenerating C code for ROS interfaces[0m
[  6%] [34m[1mGenerating C++ code for ROS interfaces[0m
running egg_info
creating tangram_msgs.egg-info
writing tangram_msgs.egg-info/PKG-INFO
writing dependency_links to tangram_msgs.egg-info/dependency_links.txt
writing top-level names to tangram_msgs.egg-info/top_level.txt
writing manifest file 'tangram_msgs.egg-info/SOURCES.txt'
reading manifest file 'tangram_msgs.egg-info/SOURCES.txt'
writing manifest file 'tangram_msgs.egg-info/SOURCES.txt'
[  6%] Built target ament_cmake_python_build_tangram_msgs_egg
[  6%] Built target tangram_msgs__cpp
[  9%] [32mBuilding C object CMakeFiles/tangram_msgs__rosidl_generator_c.dir/rosidl_generator_c/tangram_msgs/msg/detail/tangram_pose__description.c.o[0m
[ 11%] [32mBuilding C object CMakeFiles/tangram_msgs__rosidl_generator_c.dir/rosidl_generator_c/tangram_msgs/msg/detail/tangram_pose__functions.c.o[0m
[ 13%] [32mBuilding C object CMakeFiles/tangram_msgs__rosidl_generator_c.dir/rosidl_generator_c/tangram_msgs/msg/detail/tangram_pose__type_support.c.o[0m
[ 15%] [32mBuilding C object CMakeFiles/tangram_msgs__rosidl_generator_c.dir/rosidl_generator_c/tangram_msgs/msg/detail/tangram_poses__description.c.o[0m
[ 20%] [32mBuilding C object CMakeFiles/tangram_msgs__rosidl_generator_c.dir/rosidl_generator_c/tangram_msgs/msg/detail/tangram_poses__functions.c.o[0m
[ 20%] [32mBuilding C object CMakeFiles/tangram_msgs__rosidl_generator_c.dir/rosidl_generator_c/tangram_msgs/msg/detail/tangram_poses__type_support.c.o[0m
[ 22%] [32m[1mLinking C shared library libtangram_msgs__rosidl_generator_c.so[0m
[ 22%] Built target tangram_msgs__rosidl_generator_c
[ 25%] [34m[1mGenerating C++ type support dispatch for ROS interfaces[0m
[ 31%] [34m[1mGenerating C type support for eProsima Fast-RTPS[0m
[ 31%] [34m[1mGenerating C introspection for ROS interfaces[0m
[ 31%] [34m[1mGenerating C type support dispatch for ROS interfaces[0m
[ 34%] [34m[1mGenerating C++ type support for eProsima Fast-RTPS[0m
[ 36%] [34m[1mGenerating C++ introspection for ROS interfaces[0m
[ 38%] [32mBuilding CXX object CMakeFiles/tangram_msgs__rosidl_typesupport_c.dir/rosidl_typesupport_c/tangram_msgs/msg/tangram_poses__type_support.cpp.o[0m
[ 40%] [32mBuilding CXX object CMakeFiles/tangram_msgs__rosidl_typesupport_c.dir/rosidl_typesupport_c/tangram_msgs/msg/tangram_pose__type_support.cpp.o[0m
[ 45%] [32mBuilding C object CMakeFiles/tangram_msgs__rosidl_typesupport_introspection_c.dir/rosidl_typesupport_introspection_c/tangram_msgs/msg/detail/tangram_pose__type_support.c.o[0m
[ 45%] [32mBuilding C object CMakeFiles/tangram_msgs__rosidl_typesupport_introspection_c.dir/rosidl_typesupport_introspection_c/tangram_msgs/msg/detail/tangram_poses__type_support.c.o[0m
[ 47%] [32m[1mLinking CXX shared library libtangram_msgs__rosidl_typesupport_c.so[0m
[ 50%] [32m[1mLinking C shared library libtangram_msgs__rosidl_typesupport_introspection_c.so[0m
[ 52%] [32mBuilding CXX object CMakeFiles/tangram_msgs__rosidl_typesupport_cpp.dir/rosidl_typesupport_cpp/tangram_msgs/msg/tangram_pose__type_support.cpp.o[0m
[ 54%] [32mBuilding CXX object CMakeFiles/tangram_msgs__rosidl_typesupport_cpp.dir/rosidl_typesupport_cpp/tangram_msgs/msg/tangram_poses__type_support.cpp.o[0m
[ 54%] Built target tangram_msgs__rosidl_typesupport_introspection_c
[ 54%] Built target tangram_msgs__rosidl_typesupport_c
[ 56%] [32mBuilding CXX object CMakeFiles/tangram_msgs__rosidl_typesupport_introspection_cpp.dir/rosidl_typesupport_introspection_cpp/tangram_msgs/msg/detail/tangram_pose__type_support.cpp.o[0m
[ 59%] [32mBuilding CXX object CMakeFiles/tangram_msgs__rosidl_typesupport_introspection_cpp.dir/rosidl_typesupport_introspection_cpp/tangram_msgs/msg/detail/tangram_poses__type_support.cpp.o[0m
[ 63%] [32mBuilding CXX object CMakeFiles/tangram_msgs__rosidl_typesupport_fastrtps_c.dir/rosidl_typesupport_fastrtps_c/tangram_msgs/msg/detail/tangram_pose__type_support_c.cpp.o[0m
[ 63%] [32mBuilding CXX object CMakeFiles/tangram_msgs__rosidl_typesupport_fastrtps_c.dir/rosidl_typesupport_fastrtps_c/tangram_msgs/msg/detail/tangram_poses__type_support_c.cpp.o[0m
[ 65%] [32mBuilding CXX object CMakeFiles/tangram_msgs__rosidl_typesupport_fastrtps_cpp.dir/rosidl_typesupport_fastrtps_cpp/tangram_msgs/msg/detail/dds_fastrtps/tangram_pose__type_support.cpp.o[0m
[ 68%] [32mBuilding CXX object CMakeFiles/tangram_msgs__rosidl_typesupport_fastrtps_cpp.dir/rosidl_typesupport_fastrtps_cpp/tangram_msgs/msg/detail/dds_fastrtps/tangram_poses__type_support.cpp.o[0m
[ 70%] [32m[1mLinking CXX shared library libtangram_msgs__rosidl_typesupport_cpp.so[0m
[ 70%] Built target tangram_msgs__rosidl_typesupport_cpp
[ 72%] [32m[1mLinking CXX shared library libtangram_msgs__rosidl_typesupport_fastrtps_c.so[0m
[ 75%] [32m[1mLinking CXX shared library libtangram_msgs__rosidl_typesupport_introspection_cpp.so[0m
[ 75%] Built target tangram_msgs__rosidl_typesupport_fastrtps_c
[ 75%] Built target tangram_msgs__rosidl_typesupport_introspection_cpp
[ 77%] [32m[1mLinking CXX shared library libtangram_msgs__rosidl_typesupport_fastrtps_cpp.so[0m
[ 77%] Built target tangram_msgs__rosidl_typesupport_fastrtps_cpp
[ 77%] Built target tangram_msgs
[ 79%] [34m[1mGenerating Python code for ROS interfaces[0m
[ 79%] Built target tangram_msgs__py
[ 84%] [32mBuilding C object CMakeFiles/tangram_msgs__rosidl_generator_py.dir/rosidl_generator_py/tangram_msgs/msg/_tangram_pose_s.c.o[0m
[ 84%] [32mBuilding C object CMakeFiles/tangram_msgs__rosidl_generator_py.dir/rosidl_generator_py/tangram_msgs/msg/_tangram_poses_s.c.o[0m
[ 86%] [32m[1mLinking C shared library rosidl_generator_py/tangram_msgs/libtangram_msgs__rosidl_generator_py.so[0m
[ 86%] Built target tangram_msgs__rosidl_generator_py
[ 93%] [32mBuilding C object CMakeFiles/tangram_msgs__rosidl_typesupport_fastrtps_c__pyext.dir/rosidl_generator_py/tangram_msgs/_tangram_msgs_s.ep.rosidl_typesupport_fastrtps_c.c.o[0m
[ 93%] [32mBuilding C object CMakeFiles/tangram_msgs__rosidl_typesupport_introspection_c__pyext.dir/rosidl_generator_py/tangram_msgs/_tangram_msgs_s.ep.rosidl_typesupport_introspection_c.c.o[0m
[ 93%] [32mBuilding C object CMakeFiles/tangram_msgs__rosidl_typesupport_c__pyext.dir/rosidl_generator_py/tangram_msgs/_tangram_msgs_s.ep.rosidl_typesupport_c.c.o[0m
[100%] [32m[1mLinking C shared library rosidl_generator_py/tangram_msgs/tangram_msgs_s__rosidl_typesupport_fastrtps_c.cpython-310-x86_64-linux-gnu.so[0m
[100%] [32m[1mLinking C shared library rosidl_generator_py/tangram_msgs/tangram_msgs_s__rosidl_typesupport_introspection_c.cpython-310-x86_64-linux-gnu.so[0m
[100%] [32m[1mLinking C shared library rosidl_generator_py/tangram_msgs/tangram_msgs_s__rosidl_typesupport_c.cpython-310-x86_64-linux-gnu.so[0m
[100%] Built target tangram_msgs__rosidl_typesupport_c__pyext
[100%] Built target tangram_msgs__rosidl_typesupport_introspection_c__pyext
[100%] Built target tangram_msgs__rosidl_typesupport_fastrtps_c__pyext
-- Install configuration: ""
-- Execute custom install script
-- Symlinking: /home/jingkun/Documents/Final_Project/src/Autonomous_Tangram_Solver/install/tangram_msgs/share/ament_index/resource_index/rosidl_interfaces/tangram_msgs
-- Symlinking: /home/jingkun/Documents/Final_Project/src/Autonomous_Tangram_Solver/install/tangram_msgs/share/tangram_msgs/msg/TangramPose.json
-- Symlinking: /home/jingkun/Documents/Final_Project/src/Autonomous_Tangram_Solver/install/tangram_msgs/share/tangram_msgs/msg/TangramPoses.json
-- Symlinking: /home/jingkun/Documents/Final_Project/src/Autonomous_Tangram_Solver/install/tangram_msgs/include/tangram_msgs/tangram_msgs/msg/detail/tangram_pose__functions.h
-- Symlinking: /home/jingkun/Documents/Final_Project/src/Autonomous_Tangram_Solver/install/tangram_msgs/include/tangram_msgs/tangram_msgs/msg/detail/tangram_pose__struct.h
-- Symlinking: /home/jingkun/Documents/Final_Project/src/Autonomous_Tangram_Solver/install/tangram_msgs/include/tangram_msgs/tangram_msgs/msg/detail/tangram_pose__type_support.h
-- Symlinking: /home/jingkun/Documents/Final_Project/src/Autonomous_Tangram_Solver/install/tangram_msgs/include/tangram_msgs/tangram_msgs/msg/detail/tangram_poses__functions.h
-- Symlinking: /home/jingkun/Documents/Final_Project/src/Autonomous_Tangram_Solver/install/tangram_msgs/include/tangram_msgs/tangram_msgs/msg/detail/tangram_poses__struct.h
-- Symlinking: /home/jingkun/Documents/Final_Project/src/Autonomous_Tangram_Solver/install/tangram_msgs/include/tangram_msgs/tangram_msgs/msg/detail/tangram_poses__type_support.h
-- Symlinking: /home/jingkun/Documents/Final_Project/src/Autonomous_Tangram_Solver/install/tangram_msgs/include/tangram_msgs/tangram_msgs/msg/rosidl_generator_c__visibility_control.h
-- Symlinking: /home/jingkun/Documents/Final_Project/src/Autonomous_Tangram_Solver/install/tangram_msgs/include/tangram_msgs/tangram_msgs/msg/tangram_pose.h
-- Symlinking: /home/jingkun/Documents/Final_Project/src/Autonomous_Tangram_Solver/install/tangram_msgs/include/tangram_msgs/tangram_msgs/msg/tangram_poses.h
-- Symlinking: /home/jingkun/Documents/Final_Project/src/Autonomous_Tangram_Solver/install/tangram_msgs/share/tangram_msgs/environment/library_path.sh
-- Symlinking: /home/jingkun/Documents/Final_Project/src/Autonomous_Tangram_Solver/install/tangram_msgs/share/tangram_msgs/environment/library_path.dsv
-- Symlinking: /home/jingkun/Documents/Final_Project/src/Autonomous_Tangram_Solver/install/tangram_msgs/include/tangram_msgs/tangram_msgs/msg/detail/tangram_pose__rosidl_typesupport_fastrtps_c.h
-- Symlinking: /home/jingkun/Documents/Final_Project/src/Autonomous_Tangram_Solver/install/tangram_msgs/include/tangram_msgs/tangram_msgs/msg/detail/tangram_poses__rosidl_typesupport_fastrtps_c.h
-- Symlinking: /home/jingkun/Documents/Final_Project/src/Autonomous_Tangram_Solver/install/tangram_msgs/include/tangram_msgs/tangram_msgs/msg/rosidl_typesupport_fastrtps_c__visibility_control.h
-- Symlinking: /home/jingkun/Documents/Final_Project/src/Autonomous_Tangram_Solver/install/tangram_msgs/include/tangram_msgs/tangram_msgs/msg/detail/tangram_pose__rosidl_typesupport_introspection_c.h
-- Symlinking: /home/jingkun/Documents/Final_Project/src/Autonomous_Tangram_Solver/install/tangram_msgs/include/tangram_msgs/tangram_msgs/msg/detail/tangram_poses__rosidl_typesupport_introspection_c.h
-- Symlinking: /home/jingkun/Documents/Final_Project/src/Autonomous_Tangram_Solver/install/tangram_msgs/include/tangram_msgs/tangram_msgs/msg/rosidl_typesupport_introspection_c__visibility_control.h
-- Symlinking: /home/jingkun/Documents/Final_Project/src/Autonomous_Tangram_Solver/install/tangram_msgs/include/tangram_msgs/tangram_msgs/msg/detail/tangram_pose__builder.hpp
-- Symlinking: /home/jingkun/Documents/Final_Project/src/Autonomous_Tangram_Solver/install/tangram_msgs/include/tangram_msgs/tangram_msgs/msg/detail/tangram_pose__struct.hpp
-- Symlinking: /home/jingkun/Documents/Final_Project/src/Autonomous_Tangram_Solver/install/tangram_msgs/include/tangram_msgs/tangram_msgs/msg/detail/tangram_pose__traits.hpp
-- Symlinking: /home/jingkun/Documents/Final_Project/src/Autonomous_Tangram_Solver/install/tangram_msgs/include/tangram_msgs/tangram_msgs/msg/detail/tangram_poses__builder.hpp
-- Symlinking: /home/jingkun/Documents/Final_Project/src/Autonomous_Tangram_Solver/install/tangram_msgs/include/tangram_msgs/tangram_msgs/msg/detail/tangram_poses__struct.hpp
-- Symlinking: /home/jingkun/Documents/Final_Project/src/Autonomous_Tangram_Solver/install/tangram_msgs/include/tangram_msgs/tangram_msgs/msg/detail/tangram_poses__traits.hpp
-- Symlinking: /home/jingkun/Documents/Final_Project/src/Autonomous_Tangram_Solver/install/tangram_msgs/include/tangram_msgs/tangram_msgs/msg/tangram_pose.hpp
-- Symlinking: /home/jingkun/Documents/Final_Project/src/Autonomous_Tangram_Solver/install/tangram_msgs/include/tangram_msgs/tangram_msgs/msg/tangram_poses.hpp
-- Symlinking: /home/jingkun/Documents/Final_Project/src/Autonomous_Tangram_Solver/install/tangram_msgs/include/tangram_msgs/tangram_msgs/msg/detail/tangram_pose__rosidl_typesupport_fastrtps_cpp.hpp
-- Symlinking: /home/jingkun/Documents/Final_Project/src/Autonomous_Tangram_Solver/install/tangram_msgs/include/tangram_msgs/tangram_msgs/msg/detail/tangram_poses__rosidl_typesupport_fastrtps_cpp.hpp
-- Symlinking: /home/jingkun/Documents/Final_Project/src/Autonomous_Tangram_Solver/install/tangram_msgs/include/tangram_msgs/tangram_msgs/msg/rosidl_typesupport_fastrtps_cpp__visibility_control.h
-- Symlinking: /home/jingkun/Documents/Final_Project/src/Autonomous_Tangram_Solver/install/tangram_msgs/include/tangram_msgs/tangram_msgs/msg/detail/tangram_pose__rosidl_typesupport_introspection_cpp.hpp
-- Symlinking: /home/jingkun/Documents/Final_Project/src/Autonomous_Tangram_Solver/install/tangram_msgs/include/tangram_msgs/tangram_msgs/msg/detail/tangram_poses__rosidl_typesupport_introspection_cpp.hpp
-- Symlinking: /home/jingkun/Documents/Final_Project/src/Autonomous_Tangram_Solver/install/tangram_msgs/share/tangram_msgs/environment/pythonpath.sh
-- Symlinking: /home/jingkun/Documents/Final_Project/src/Autonomous_Tangram_Solver/install/tangram_msgs/share/tangram_msgs/environment/pythonpath.dsv
-- Symlinking: /home/jingkun/Documents/Final_Project/src/Autonomous_Tangram_Solver/install/tangram_msgs/lib/python3.10/site-packages/tangram_msgs-0.0.1-py3.10.egg-info/PKG-INFO
-- Symlinking: /home/jingkun/Documents/Final_Project/src/Autonomous_Tangram_Solver/install/tangram_msgs/lib/python3.10/site-packages/tangram_msgs-0.0.1-py3.10.egg-info/SOURCES.txt
-- Symlinking: /home/jingkun/Documents/Final_Project/src/Autonomous_Tangram_Solver/install/tangram_msgs/lib/python3.10/site-packages/tangram_msgs-0.0.1-py3.10.egg-info/dependency_links.txt
-- Symlinking: /home/jingkun/Documents/Final_Project/src/Autonomous_Tangram_Solver/install/tangram_msgs/lib/python3.10/site-packages/tangram_msgs-0.0.1-py3.10.egg-info/top_level.txt
-- Symlinking: /home/jingkun/Documents/Final_Project/src/Autonomous_Tangram_Solver/install/tangram_msgs/lib/python3.10/site-packages/tangram_msgs/__init__.py
-- Symlinking: /home/jingkun/Documents/Final_Project/src/Autonomous_Tangram_Solver/install/tangram_msgs/lib/python3.10/site-packages/tangram_msgs/_tangram_msgs_s.ep.rosidl_typesupport_c.c
-- Symlinking: /home/jingkun/Documents/Final_Project/src/Autonomous_Tangram_Solver/install/tangram_msgs/lib/python3.10/site-packages/tangram_msgs/_tangram_msgs_s.ep.rosidl_typesupport_fastrtps_c.c
-- Symlinking: /home/jingkun/Documents/Final_Project/src/Autonomous_Tangram_Solver/install/tangram_msgs/lib/python3.10/site-packages/tangram_msgs/_tangram_msgs_s.ep.rosidl_typesupport_introspection_c.c
-- Symlinking: /home/jingkun/Documents/Final_Project/src/Autonomous_Tangram_Solver/install/tangram_msgs/lib/python3.10/site-packages/tangram_msgs/libtangram_msgs__rosidl_generator_py.so
-- Symlinking: /home/jingkun/Documents/Final_Project/src/Autonomous_Tangram_Solver/install/tangram_msgs/lib/python3.10/site-packages/tangram_msgs/msg/__init__.py
-- Symlinking: /home/jingkun/Documents/Final_Project/src/Autonomous_Tangram_Solver/install/tangram_msgs/lib/python3.10/site-packages/tangram_msgs/msg/_tangram_pose.py
-- Symlinking: /home/jingkun/Documents/Final_Project/src/Autonomous_Tangram_Solver/install/tangram_msgs/lib/python3.10/site-packages/tangram_msgs/msg/_tangram_pose_s.c
-- Symlinking: /home/jingkun/Documents/Final_Project/src/Autonomous_Tangram_Solver/install/tangram_msgs/lib/python3.10/site-packages/tangram_msgs/msg/_tangram_poses.py
-- Symlinking: /home/jingkun/Documents/Final_Project/src/Autonomous_Tangram_Solver/install/tangram_msgs/lib/python3.10/site-packages/tangram_msgs/msg/_tangram_poses_s.c
-- Symlinking: /home/jingkun/Documents/Final_Project/src/Autonomous_Tangram_Solver/install/tangram_msgs/lib/python3.10/site-packages/tangram_msgs/tangram_msgs_s__rosidl_typesupport_c.cpython-310-x86_64-linux-gnu.so
-- Symlinking: /home/jingkun/Documents/Final_Project/src/Autonomous_Tangram_Solver/install/tangram_msgs/lib/python3.10/site-packages/tangram_msgs/tangram_msgs_s__rosidl_typesupport_fastrtps_c.cpython-310-x86_64-linux-gnu.so
-- Symlinking: /home/jingkun/Documents/Final_Project/src/Autonomous_Tangram_Solver/install/tangram_msgs/lib/python3.10/site-packages/tangram_msgs/tangram_msgs_s__rosidl_typesupport_introspection_c.cpython-310-x86_64-linux-gnu.so
-- Up-to-date symlink: /home/jingkun/Documents/Final_Project/src/Autonomous_Tangram_Solver/install/tangram_msgs/lib/python3.10/site-packages/tangram_msgs/tangram_msgs_s__rosidl_typesupport_fastrtps_c.cpython-310-x86_64-linux-gnu.so
-- Up-to-date symlink: /home/jingkun/Documents/Final_Project/src/Autonomous_Tangram_Solver/install/tangram_msgs/lib/python3.10/site-packages/tangram_msgs/tangram_msgs_s__rosidl_typesupport_introspection_c.cpython-310-x86_64-linux-gnu.so
-- Up-to-date symlink: /home/jingkun/Documents/Final_Project/src/Autonomous_Tangram_Solver/install/tangram_msgs/lib/python3.10/site-packages/tangram_msgs/tangram_msgs_s__rosidl_typesupport_c.cpython-310-x86_64-linux-gnu.so
-- Symlinking: /home/jingkun/Documents/Final_Project/src/Autonomous_Tangram_Solver/install/tangram_msgs/share/tangram_msgs/msg/TangramPose.idl
-- Symlinking: /home/jingkun/Documents/Final_Project/src/Autonomous_Tangram_Solver/install/tangram_msgs/share/tangram_msgs/msg/TangramPoses.idl
-- Symlinking: /home/jingkun/Documents/Final_Project/src/Autonomous_Tangram_Solver/install/tangram_msgs/share/tangram_msgs/msg/TangramPose.msg
-- Symlinking: /home/jingkun/Documents/Final_Project/src/Autonomous_Tangram_Solver/install/tangram_msgs/share/tangram_msgs/msg/TangramPoses.msg
-- Symlinking: /home/jingkun/Documents/Final_Project/src/Autonomous_Tangram_Solver/install/tangram_msgs/share/ament_index/resource_index/package_run_dependencies/tangram_msgs
-- Symlinking: /home/jingkun/Documents/Final_Project/src/Autonomous_Tangram_Solver/install/tangram_msgs/share/ament_index/resource_index/parent_prefix_path/tangram_msgs
-- Symlinking: /home/jingkun/Documents/Final_Project/src/Autonomous_Tangram_Solver/install/tangram_msgs/share/tangram_msgs/environment/ament_prefix_path.sh
-- Symlinking: /home/jingkun/Documents/Final_Project/src/Autonomous_Tangram_Solver/install/tangram_msgs/share/tangram_msgs/environment/ament_prefix_path.dsv
-- Symlinking: /home/jingkun/Documents/Final_Project/src/Autonomous_Tangram_Solver/install/tangram_msgs/share/tangram_msgs/environment/path.sh
-- Symlinking: /home/jingkun/Documents/Final_Project/src/Autonomous_Tangram_Solver/install/tangram_msgs/share/tangram_msgs/environment/path.dsv
-- Symlinking: /home/jingkun/Documents/Final_Project/src/Autonomous_Tangram_Solver/install/tangram_msgs/share/tangram_msgs/local_setup.bash
-- Symlinking: /home/jingkun/Documents/Final_Project/src/Autonomous_Tangram_Solver/install/tangram_msgs/share/tangram_msgs/local_setup.sh
-- Symlinking: /home/jingkun/Documents/Final_Project/src/Autonomous_Tangram_Solver/install/tangram_msgs/share/tangram_msgs/local_setup.zsh
-- Symlinking: /home/jingkun/Documents/Final_Project/src/Autonomous_Tangram_Solver/install/tangram_msgs/share/tangram_msgs/local_setup.dsv
-- Symlinking: /home/jingkun/Documents/Final_Project/src/Autonomous_Tangram_Solver/install/tangram_msgs/share/tangram_msgs/package.dsv
-- Symlinking: /home/jingkun/Documents/Final_Project/src/Autonomous_Tangram_Solver/install/tangram_msgs/share/ament_index/resource_index/packages/tangram_msgs
-- Symlinking: /home/jingkun/Documents/Final_Project/src/Autonomous_Tangram_Solver/install/tangram_msgs/share/tangram_msgs/cmake/rosidl_cmake-extras.cmake
-- Symlinking: /home/jingkun/Documents/Final_Project/src/Autonomous_Tangram_Solver/install/tangram_msgs/share/tangram_msgs/cmake/ament_cmake_export_dependencies-extras.cmake
-- Symlinking: /home/jingkun/Documents/Final_Project/src/Autonomous_Tangram_Solver/install/tangram_msgs/share/tangram_msgs/cmake/ament_cmake_export_include_directories-extras.cmake
-- Symlinking: /home/jingkun/Documents/Final_Project/src/Autonomous_Tangram_Solver/install/tangram_msgs/share/tangram_msgs/cmake/ament_cmake_export_libraries-extras.cmake
-- Symlinking: /home/jingkun/Documents/Final_Project/src/Autonomous_Tangram_Solver/install/tangram_msgs/share/tangram_msgs/cmake/ament_cmake_export_targets-extras.cmake
-- Symlinking: /home/jingkun/Documents/Final_Project/src/Autonomous_Tangram_Solver/install/tangram_msgs/share/tangram_msgs/cmake/rosidl_cmake_export_typesupport_targets-extras.cmake
-- Symlinking: /home/jingkun/Documents/Final_Project/src/Autonomous_Tangram_Solver/install/tangram_msgs/share/tangram_msgs/cmake/rosidl_cmake_export_typesupport_libraries-extras.cmake
-- Symlinking: /home/jingkun/Documents/Final_Project/src/Autonomous_Tangram_Solver/install/tangram_msgs/share/tangram_msgs/cmake/tangram_msgsConfig.cmake
-- Symlinking: /home/jingkun/Documents/Final_Project/src/Autonomous_Tangram_Solver/install/tangram_msgs/share/tangram_msgs/cmake/tangram_msgsConfig-version.cmake
-- Symlinking: /home/jingkun/Documents/Final_Project/src/Autonomous_Tangram_Solver/install/tangram_msgs/share/tangram_msgs/package.xml
-- Installing: /home/jingkun/Documents/Final_Project/src/Autonomous_Tangram_Solver/install/tangram_msgs/lib/libtangram_msgs__rosidl_generator_c.so
-- Set runtime path of "/home/jingkun/Documents/Final_Project/src/Autonomous_Tangram_Solver/install/tangram_msgs/lib/libtangram_msgs__rosidl_generator_c.so" to ""
-- Installing: /home/jingkun/Documents/Final_Project/src/Autonomous_Tangram_Solver/install/tangram_msgs/lib/libtangram_msgs__rosidl_typesupport_fastrtps_c.so
-- Set runtime path of "/home/jingkun/Documents/Final_Project/src/Autonomous_Tangram_Solver/install/tangram_msgs/lib/libtangram_msgs__rosidl_typesupport_fastrtps_c.so" to ""
-- Installing: /home/jingkun/Documents/Final_Project/src/Autonomous_Tangram_Solver/install/tangram_msgs/lib/libtangram_msgs__rosidl_typesupport_introspection_c.so
-- Set runtime path of "/home/jingkun/Documents/Final_Project/src/Autonomous_Tangram_Solver/install/tangram_msgs/lib/libtangram_msgs__rosidl_typesupport_introspection_c.so" to ""
-- Installing: /home/jingkun/Documents/Final_Project/src/Autonomous_Tangram_Solver/install/tangram_msgs/lib/libtangram_msgs__rosidl_typesupport_c.so
-- Set runtime path of "/home/jingkun/Documents/Final_Project/src/Autonomous_Tangram_Solver/install/tangram_msgs/lib/libtangram_msgs__rosidl_typesupport_c.so" to ""
-- Installing: /home/jingkun/Documents/Final_Project/src/Autonomous_Tangram_Solver/install/tangram_msgs/lib/libtangram_msgs__rosidl_typesupport_fastrtps_cpp.so
-- Set runtime path of "/home/jingkun/Documents/Final_Project/src/Autonomous_Tangram_Solver/install/tangram_msgs/lib/libtangram_msgs__rosidl_typesupport_fastrtps_cpp.so" to ""
-- Installing: /home/jingkun/Documents/Final_Project/src/Autonomous_Tangram_Solver/install/tangram_msgs/lib/libtangram_msgs__rosidl_typesupport_introspection_cpp.so
-- Set runtime path of "/home/jingkun/Documents/Final_Project/src/Autonomous_Tangram_Solver/install/tangram_msgs/lib/libtangram_msgs__rosidl_typesupport_introspection_cpp.so" to ""
-- Installing: /home/jingkun/Documents/Final_Project/src/Autonomous_Tangram_Solver/install/tangram_msgs/lib/libtangram_msgs__rosidl_typesupport_cpp.so
-- Set runtime path of "/home/jingkun/Documents/Final_Project/src/Autonomous_Tangram_Solver/install/tangram_msgs/lib/libtangram_msgs__rosidl_typesupport_cpp.so" to ""
Listing '/home/jingkun/Documents/Final_Project/src/Autonomous_Tangram_Solver/install/tangram_msgs/lib/python3.10/site-packages/tangram_msgs'...
Compiling '/home/jingkun/Documents/Final_Project/src/Autonomous_Tangram_Solver/install/tangram_msgs/lib/python3.10/site-packages/tangram_msgs/__init__.py'...
Listing '/home/jingkun/Documents/Final_Project/src/Autonomous_Tangram_Solver/install/tangram_msgs/lib/python3.10/site-packages/tangram_msgs/msg'...
Compiling '/home/jingkun/Documents/Final_Project/src/Autonomous_Tangram_Solver/install/tangram_msgs/lib/python3.10/site-packages/tangram_msgs/msg/__init__.py'...
Compiling '/home/jingkun/Documents/Final_Project/src/Autonomous_Tangram_Solver/install/tangram_msgs/lib/python3.10/site-packages/tangram_msgs/msg/_tangram_pose.py'...
Compiling '/home/jingkun/Documents/Final_Project/src/Autonomous_Tangram_Solver/install/tangram_msgs/lib/python3.10/site-packages/tangram_msgs/msg/_tangram_poses.py'...
-- Installing: /home/jingkun/Documents/Final_Project/src/Autonomous_Tangram_Solver/install/tangram_msgs/lib/libtangram_msgs__rosidl_generator_py.so
-- Set runtime path of "/home/jingkun/Documents/Final_Project/src/Autonomous_Tangram_Solver/install/tangram_msgs/lib/libtangram_msgs__rosidl_generator_py.so" to ""
-- Installing: /home/jingkun/Documents/Final_Project/src/Autonomous_Tangram_Solver/install/tangram_msgs/share/tangram_msgs/cmake/export_tangram_msgs__rosidl_generator_cExport.cmake
-- Installing: /home/jingkun/Documents/Final_Project/src/Autonomous_Tangram_Solver/install/tangram_msgs/share/tangram_msgs/cmake/export_tangram_msgs__rosidl_generator_cExport-noconfig.cmake
-- Installing: /home/jingkun/Documents/Final_Project/src/Autonomous_Tangram_Solver/install/tangram_msgs/share/tangram_msgs/cmake/export_tangram_msgs__rosidl_typesupport_fastrtps_cExport.cmake
-- Installing: /home/jingkun/Documents/Final_Project/src/Autonomous_Tangram_Solver/install/tangram_msgs/share/tangram_msgs/cmake/export_tangram_msgs__rosidl_typesupport_fastrtps_cExport-noconfig.cmake
-- Installing: /home/jingkun/Documents/Final_Project/src/Autonomous_Tangram_Solver/install/tangram_msgs/share/tangram_msgs/cmake/tangram_msgs__rosidl_typesupport_introspection_cExport.cmake
-- Installing: /home/jingkun/Documents/Final_Project/src/Autonomous_Tangram_Solver/install/tangram_msgs/share/tangram_msgs/cmake/tangram_msgs__rosidl_typesupport_introspection_cExport-noconfig.cmake
-- Installing: /home/jingkun/Documents/Final_Project/src/Autonomous_Tangram_Solver/install/tangram_msgs/share/tangram_msgs/cmake/tangram_msgs__rosidl_typesupport_cExport.cmake
-- Installing: /home/jingkun/Documents/Final_Project/src/Autonomous_Tangram_Solver/install/tangram_msgs/share/tangram_msgs/cmake/tangram_msgs__rosidl_typesupport_cExport-noconfig.cmake
-- Installing: /home/jingkun/Documents/Final_Project/src/Autonomous_Tangram_Solver/install/tangram_msgs/share/tangram_msgs/cmake/export_tangram_msgs__rosidl_generator_cppExport.cmake
-- Installing: /home/jingkun/Documents/Final_Project/src/Autonomous_Tangram_Solver/install/tangram_msgs/share/tangram_msgs/cmake/export_tangram_msgs__rosidl_typesupport_fastrtps_cppExport.cmake
-- Installing: /home/jingkun/Documents/Final_Project/src/Autonomous_Tangram_Solver/install/tangram_msgs/share/tangram_msgs/cmake/export_tangram_msgs__rosidl_typesupport_fastrtps_cppExport-noconfig.cmake
-- Installing: /home/jingkun/Documents/Final_Project/src/Autonomous_Tangram_Solver/install/tangram_msgs/share/tangram_msgs/cmake/tangram_msgs__rosidl_typesupport_introspection_cppExport.cmake
-- Installing: /home/jingkun/Documents/Final_Project/src/Autonomous_Tangram_Solver/install/tangram_msgs/share/tangram_msgs/cmake/tangram_msgs__rosidl_typesupport_introspection_cppExport-noconfig.cmake
-- Installing: /home/jingkun/Documents/Final_Project/src/Autonomous_Tangram_Solver/install/tangram_msgs/share/tangram_msgs/cmake/tangram_msgs__rosidl_typesupport_cppExport.cmake
-- Installing: /home/jingkun/Documents/Final_Project/src/Autonomous_Tangram_Solver/install/tangram_msgs/share/tangram_msgs/cmake/tangram_msgs__rosidl_typesupport_cppExport-noconfig.cmake
-- Installing: /home/jingkun/Documents/Final_Project/src/Autonomous_Tangram_Solver/install/tangram_msgs/share/tangram_msgs/cmake/export_tangram_msgs__rosidl_generator_pyExport.cmake
-- Installing: /home/jingkun/Documents/Final_Project/src/Autonomous_Tangram_Solver/install/tangram_msgs/share/tangram_msgs/cmake/export_tangram_msgs__rosidl_generator_pyExport-noconfig.cmake
