-- The C compiler identification is GNU 11.4.0
-- The CXX compiler identification is GNU 11.4.0
-- Detecting C compiler ABI info
-- Detecting C compiler ABI info - done
-- Check for working C compiler: /usr/bin/cc - skipped
-- Detecting C compile features
-- Detecting C compile features - done
-- Detecting CXX compiler ABI info
-- Detecting CXX compiler ABI info - done
-- Check for working CXX compiler: /usr/bin/c++ - skipped
-- Detecting CXX compile features
-- Detecting CXX compile features - done
-- Found ament_cmake: 2.0.6 (/opt/ros/iron/share/ament_cmake/cmake)
-- Found Python3: /usr/bin/python3.10 (found version "3.10.12") found components: Interpreter 
-- Override CMake install command with custom implementation using symlinks instead of copying resources
-- Found rclcpp: 21.0.7 (/opt/ros/iron/share/rclcpp/cmake)
-- Found rosidl_generator_c: 4.0.1 (/opt/ros/iron/share/rosidl_generator_c/cmake)
-- Found rosidl_generator_cpp: 4.0.1 (/opt/ros/iron/share/rosidl_generator_cpp/cmake)
-- Using all available rosidl_typesupport_c: rosidl_typesupport_fastrtps_c;rosidl_typesupport_introspection_c
-- Using all available rosidl_typesupport_cpp: rosidl_typesupport_fastrtps_cpp;rosidl_typesupport_introspection_cpp
-- Found rmw_implementation_cmake: 7.1.0 (/opt/ros/iron/share/rmw_implementation_cmake/cmake)
-- Found rmw_fastrtps_cpp: 7.1.4 (/opt/ros/iron/share/rmw_fastrtps_cpp/cmake)
-- Found OpenSSL: /usr/lib/x86_64-linux-gnu/libcrypto.so (found version "3.0.2")  
-- Found FastRTPS: /opt/ros/iron/include  
-- Using RMW implementation 'rmw_fastrtps_cpp' as default
-- Found cv_bridge: 3.5.0 (/opt/ros/iron/share/cv_bridge/cmake)
-- Found tangram_msgs: 0.0.1 (/home/jingkun/Documents/Final_Project/src/Autonomous_Tangram_Solver/install/tangram_msgs/share/tangram_msgs/cmake)
-- Found OpenCV: /usr (found suitable version "4.5.4", minimum required is "4.5") 
-- Found ament_lint_auto: 0.14.4 (/opt/ros/iron/share/ament_lint_auto/cmake)
-- Added test 'cppcheck' to perform static code analysis on C / C++ code
-- Configured cppcheck include dirs: /home/jingkun/Documents/Final_Project/src/Autonomous_Tangram_Solver/tangram_detection/include
-- Configured cppcheck exclude dirs and/or files: 
-- Added test 'lint_cmake' to check CMake code style
-- Added test 'uncrustify' to check C / C++ code style
-- Configured uncrustify additional arguments: 
-- Added test 'xmllint' to check XML markup files
-- Configuring done
-- Generating done
-- Build files have been written to: /home/jingkun/Documents/Final_Project/src/Autonomous_Tangram_Solver/build/tangram_detection
[ 50%] [32mBuilding CXX object CMakeFiles/tangram_detection.dir/src/tangram_detection.cpp.o[0m
[100%] [32m[1mLinking CXX executable tangram_detection[0m
[100%] Built target tangram_detection
-- Install configuration: ""
-- Execute custom install script
-- Symlinking: /home/jingkun/Documents/Final_Project/src/Autonomous_Tangram_Solver/install/tangram_detection/include/tangram_detection/tangram_detection.hpp
-- Symlinking: /home/jingkun/Documents/Final_Project/src/Autonomous_Tangram_Solver/install/tangram_detection/lib/tangram_detection/tangram_detection
-- Symlinking: /home/jingkun/Documents/Final_Project/src/Autonomous_Tangram_Solver/install/tangram_detection/share/ament_index/resource_index/package_run_dependencies/tangram_detection
-- Symlinking: /home/jingkun/Documents/Final_Project/src/Autonomous_Tangram_Solver/install/tangram_detection/share/ament_index/resource_index/parent_prefix_path/tangram_detection
-- Symlinking: /home/jingkun/Documents/Final_Project/src/Autonomous_Tangram_Solver/install/tangram_detection/share/tangram_detection/environment/ament_prefix_path.sh
-- Symlinking: /home/jingkun/Documents/Final_Project/src/Autonomous_Tangram_Solver/install/tangram_detection/share/tangram_detection/environment/ament_prefix_path.dsv
-- Symlinking: /home/jingkun/Documents/Final_Project/src/Autonomous_Tangram_Solver/install/tangram_detection/share/tangram_detection/environment/path.sh
-- Symlinking: /home/jingkun/Documents/Final_Project/src/Autonomous_Tangram_Solver/install/tangram_detection/share/tangram_detection/environment/path.dsv
-- Symlinking: /home/jingkun/Documents/Final_Project/src/Autonomous_Tangram_Solver/install/tangram_detection/share/tangram_detection/local_setup.bash
-- Symlinking: /home/jingkun/Documents/Final_Project/src/Autonomous_Tangram_Solver/install/tangram_detection/share/tangram_detection/local_setup.sh
-- Symlinking: /home/jingkun/Documents/Final_Project/src/Autonomous_Tangram_Solver/install/tangram_detection/share/tangram_detection/local_setup.zsh
-- Symlinking: /home/jingkun/Documents/Final_Project/src/Autonomous_Tangram_Solver/install/tangram_detection/share/tangram_detection/local_setup.dsv
-- Symlinking: /home/jingkun/Documents/Final_Project/src/Autonomous_Tangram_Solver/install/tangram_detection/share/tangram_detection/package.dsv
-- Symlinking: /home/jingkun/Documents/Final_Project/src/Autonomous_Tangram_Solver/install/tangram_detection/share/ament_index/resource_index/packages/tangram_detection
-- Symlinking: /home/jingkun/Documents/Final_Project/src/Autonomous_Tangram_Solver/install/tangram_detection/share/tangram_detection/cmake/tangram_detectionConfig.cmake
-- Symlinking: /home/jingkun/Documents/Final_Project/src/Autonomous_Tangram_Solver/install/tangram_detection/share/tangram_detection/cmake/tangram_detectionConfig-version.cmake
-- Symlinking: /home/jingkun/Documents/Final_Project/src/Autonomous_Tangram_Solver/install/tangram_detection/share/tangram_detection/package.xml
