/home/jingkun/.local/lib/python3.10/site-packages/setuptools/_distutils/dist.py:261: UserWarning: Unknown distribution option: 'tests_require'
  warnings.warn(msg)
running develop
/home/jingkun/.local/lib/python3.10/site-packages/setuptools/command/develop.py:41: EasyInstallDeprecationWarning: easy_install command is deprecated.
!!

        ********************************************************************************
        Please avoid running ``setup.py`` and ``easy_install``.
        Instead, use pypa/build, pypa/installer or other
        standards-based tools.

        See https://github.com/pypa/setuptools/issues/917 for details.
        ********************************************************************************

!!
  easy_install.initialize_options(self)
running egg_info
creating tangram_solver.egg-info
writing tangram_solver.egg-info/PKG-INFO
writing dependency_links to tangram_solver.egg-info/dependency_links.txt
writing requirements to tangram_solver.egg-info/requires.txt
writing top-level names to tangram_solver.egg-info/top_level.txt
writing manifest file 'tangram_solver.egg-info/SOURCES.txt'
reading manifest file 'tangram_solver.egg-info/SOURCES.txt'
writing manifest file 'tangram_solver.egg-info/SOURCES.txt'
running build_ext
Creating /home/jingkun/Documents/Final_Project/src/Autonomous_Tangram_Solver/install/tangram_solver/lib/python3.10/site-packages/tangram-solver.egg-link (link to .)

Installed /home/jingkun/Documents/Final_Project/src/Autonomous_Tangram_Solver/build/tangram_solver
running symlink_data
creating /home/jingkun/Documents/Final_Project/src/Autonomous_Tangram_Solver/install/tangram_solver/share/ament_index/resource_index/packages
symbolically linking /home/jingkun/Documents/Final_Project/src/Autonomous_Tangram_Solver/build/tangram_solver/resource/tangram_solver -> /home/jingkun/Documents/Final_Project/src/Autonomous_Tangram_Solver/install/tangram_solver/share/ament_index/resource_index/packages
symbolically linking /home/jingkun/Documents/Final_Project/src/Autonomous_Tangram_Solver/build/tangram_solver/package.xml -> /home/jingkun/Documents/Final_Project/src/Autonomous_Tangram_Solver/install/tangram_solver/share/tangram_solver
