[1.688s] Invoking command in '/home/jingkun/Documents/Final_Project/src/Autonomous_Tangram_Solver/build/tangram_solver': PYTHONPATH=/home/jingkun/Documents/Final_Project/src/Autonomous_Tangram_Solver/build/tangram_solver/prefix_override:/usr/lib/python3/dist-packages/colcon_core/task/python/colcon_distutils_commands:/home/jingkun/Documents/Final_Project/src/Autonomous_Tangram_Solver/install/tangram_solver/lib/python3.10/site-packages:${PYTHONPATH} /usr/bin/python3 -W ignore:setup.py install is deprecated setup.py develop --editable --build-directory /home/jingkun/Documents/Final_Project/src/Autonomous_Tangram_Solver/build/tangram_solver/build --no-deps symlink_data
[1.979s] /home/jingkun/.local/lib/python3.10/site-packages/setuptools/_distutils/dist.py:261: UserWarning: Unknown distribution option: 'tests_require'
[1.979s]   warnings.warn(msg)
[2.414s] running develop
[2.414s] /home/jingkun/.local/lib/python3.10/site-packages/setuptools/command/develop.py:41: EasyInstallDeprecationWarning: easy_install command is deprecated.
[2.415s] !!
[2.415s] 
[2.415s]         ********************************************************************************
[2.415s]         Please avoid running ``setup.py`` and ``easy_install``.
[2.415s]         Instead, use pypa/build, pypa/installer or other
[2.415s]         standards-based tools.
[2.415s] 
[2.415s]         See https://github.com/pypa/setuptools/issues/917 for details.
[2.415s]         ********************************************************************************
[2.416s] 
[2.416s] !!
[2.416s]   easy_install.initialize_options(self)
[2.978s] running egg_info
[3.024s] creating tangram_solver.egg-info
[3.025s] writing tangram_solver.egg-info/PKG-INFO
[3.025s] writing dependency_links to tangram_solver.egg-info/dependency_links.txt
[3.026s] writing requirements to tangram_solver.egg-info/requires.txt
[3.026s] writing top-level names to tangram_solver.egg-info/top_level.txt
[3.026s] writing manifest file 'tangram_solver.egg-info/SOURCES.txt'
[3.113s] reading manifest file 'tangram_solver.egg-info/SOURCES.txt'
[3.115s] writing manifest file 'tangram_solver.egg-info/SOURCES.txt'
[3.182s] running build_ext
[3.182s] Creating /home/jingkun/Documents/Final_Project/src/Autonomous_Tangram_Solver/install/tangram_solver/lib/python3.10/site-packages/tangram-solver.egg-link (link to .)
[3.183s] 
[3.183s] Installed /home/jingkun/Documents/Final_Project/src/Autonomous_Tangram_Solver/build/tangram_solver
[3.183s] running symlink_data
[3.184s] creating /home/jingkun/Documents/Final_Project/src/Autonomous_Tangram_Solver/install/tangram_solver/share/ament_index/resource_index/packages
[3.184s] symbolically linking /home/jingkun/Documents/Final_Project/src/Autonomous_Tangram_Solver/build/tangram_solver/resource/tangram_solver -> /home/jingkun/Documents/Final_Project/src/Autonomous_Tangram_Solver/install/tangram_solver/share/ament_index/resource_index/packages
[3.184s] symbolically linking /home/jingkun/Documents/Final_Project/src/Autonomous_Tangram_Solver/build/tangram_solver/package.xml -> /home/jingkun/Documents/Final_Project/src/Autonomous_Tangram_Solver/install/tangram_solver/share/tangram_solver
[3.228s] Invoked command in '/home/jingkun/Documents/Final_Project/src/Autonomous_Tangram_Solver/build/tangram_solver' returned '0': PYTHONPATH=/home/jingkun/Documents/Final_Project/src/Autonomous_Tangram_Solver/build/tangram_solver/prefix_override:/usr/lib/python3/dist-packages/colcon_core/task/python/colcon_distutils_commands:/home/jingkun/Documents/Final_Project/src/Autonomous_Tangram_Solver/install/tangram_solver/lib/python3.10/site-packages:${PYTHONPATH} /usr/bin/python3 -W ignore:setup.py install is deprecated setup.py develop --editable --build-directory /home/jingkun/Documents/Final_Project/src/Autonomous_Tangram_Solver/build/tangram_solver/build --no-deps symlink_data
